CRITICAL - 2022-03-17 07:02:33 --> Class "App\Controllers\BaseModel" not found
#0 E:\Xampp\htdocs\gokarty\vendor\codeigniter4\framework\system\CodeIgniter.php(832): App\Controllers\ModificationController->index()
#1 E:\Xampp\htdocs\gokarty\vendor\codeigniter4\framework\system\CodeIgniter.php(419): CodeIgniter\CodeIgniter->runController(Object(App\Controllers\ModificationController))
#2 E:\Xampp\htdocs\gokarty\vendor\codeigniter4\framework\system\CodeIgniter.php(326): CodeIgniter\CodeIgniter->handleRequest(NULL, Object(Config\Cache), false)
#3 E:\Xampp\htdocs\gokarty\public\index.php(37): CodeIgniter\CodeIgniter->run()
#4 {main}
CRITICAL - 2022-03-17 07:02:38 --> Class "App\Controllers\BaseModel" not found
#0 E:\Xampp\htdocs\gokarty\vendor\codeigniter4\framework\system\CodeIgniter.php(832): App\Controllers\ModificationController->index()
#1 E:\Xampp\htdocs\gokarty\vendor\codeigniter4\framework\system\CodeIgniter.php(419): CodeIgniter\CodeIgniter->runController(Object(App\Controllers\ModificationController))
#2 E:\Xampp\htdocs\gokarty\vendor\codeigniter4\framework\system\CodeIgniter.php(326): CodeIgniter\CodeIgniter->handleRequest(NULL, Object(Config\Cache), false)
#3 E:\Xampp\htdocs\gokarty\public\index.php(37): CodeIgniter\CodeIgniter->run()
#4 {main}
CRITICAL - 2022-03-17 07:12:20 --> Call to undefined method App\Models\ModificationModel::getcompetitor()
#0 E:\Xampp\htdocs\gokarty\vendor\codeigniter4\framework\system\CodeIgniter.php(832): App\Controllers\ModificationController->index()
#1 E:\Xampp\htdocs\gokarty\vendor\codeigniter4\framework\system\CodeIgniter.php(419): CodeIgniter\CodeIgniter->runController(Object(App\Controllers\ModificationController))
#2 E:\Xampp\htdocs\gokarty\vendor\codeigniter4\framework\system\CodeIgniter.php(326): CodeIgniter\CodeIgniter->handleRequest(NULL, Object(Config\Cache), false)
#3 E:\Xampp\htdocs\gokarty\public\index.php(37): CodeIgniter\CodeIgniter->run()
#4 {main}
CRITICAL - 2022-03-17 11:26:05 --> Undefined array key 0
#0 E:\Xampp\htdocs\gokarty\app\Views\forms\formularz.php(114): CodeIgniter\Debug\Exceptions->errorHandler(2, 'Undefined array...', 'E:\\Xampp\\htdocs...', 114)
#1 E:\Xampp\htdocs\gokarty\vendor\codeigniter4\framework\system\View\View.php(210): include('E:\\Xampp\\htdocs...')
#2 E:\Xampp\htdocs\gokarty\vendor\codeigniter4\framework\system\View\View.php(213): CodeIgniter\View\View->CodeIgniter\View\{closure}()
#3 E:\Xampp\htdocs\gokarty\vendor\codeigniter4\framework\system\Common.php(1089): CodeIgniter\View\View->render('forms/formularz', Array, true)
#4 E:\Xampp\htdocs\gokarty\app\Views\modification.php(60): view('forms/formularz', Array)
#5 E:\Xampp\htdocs\gokarty\vendor\codeigniter4\framework\system\View\View.php(210): include('E:\\Xampp\\htdocs...')
#6 E:\Xampp\htdocs\gokarty\vendor\codeigniter4\framework\system\View\View.php(213): CodeIgniter\View\View->CodeIgniter\View\{closure}()
#7 E:\Xampp\htdocs\gokarty\vendor\codeigniter4\framework\system\Common.php(1089): CodeIgniter\View\View->render('modification', Array, true)
#8 E:\Xampp\htdocs\gokarty\app\Controllers\ModificationController.php(36): view('modification', Array)
#9 E:\Xampp\htdocs\gokarty\vendor\codeigniter4\framework\system\CodeIgniter.php(832): App\Controllers\ModificationController->index('1', '4', '1', '*,,,')
#10 E:\Xampp\htdocs\gokarty\vendor\codeigniter4\framework\system\CodeIgniter.php(419): CodeIgniter\CodeIgniter->runController(Object(App\Controllers\ModificationController))
#11 E:\Xampp\htdocs\gokarty\vendor\codeigniter4\framework\system\CodeIgniter.php(326): CodeIgniter\CodeIgniter->handleRequest(NULL, Object(Config\Cache), false)
#12 E:\Xampp\htdocs\gokarty\public\index.php(37): CodeIgniter\CodeIgniter->run()
#13 {main}
CRITICAL - 2022-03-17 12:18:34 --> Undefined array key 0
#0 E:\Xampp\htdocs\gokarty\app\Views\forms\formularz.php(114): CodeIgniter\Debug\Exceptions->errorHandler(2, 'Undefined array...', 'E:\\Xampp\\htdocs...', 114)
#1 E:\Xampp\htdocs\gokarty\vendor\codeigniter4\framework\system\View\View.php(210): include('E:\\Xampp\\htdocs...')
#2 E:\Xampp\htdocs\gokarty\vendor\codeigniter4\framework\system\View\View.php(213): CodeIgniter\View\View->CodeIgniter\View\{closure}()
#3 E:\Xampp\htdocs\gokarty\vendor\codeigniter4\framework\system\Common.php(1089): CodeIgniter\View\View->render('forms/formularz', Array, true)
#4 E:\Xampp\htdocs\gokarty\app\Views\modification.php(59): view('forms/formularz', Array)
#5 E:\Xampp\htdocs\gokarty\vendor\codeigniter4\framework\system\View\View.php(210): include('E:\\Xampp\\htdocs...')
#6 E:\Xampp\htdocs\gokarty\vendor\codeigniter4\framework\system\View\View.php(213): CodeIgniter\View\View->CodeIgniter\View\{closure}()
#7 E:\Xampp\htdocs\gokarty\vendor\codeigniter4\framework\system\Common.php(1089): CodeIgniter\View\View->render('modification', Array, true)
#8 E:\Xampp\htdocs\gokarty\app\Controllers\ModificationController.php(36): view('modification', Array)
#9 E:\Xampp\htdocs\gokarty\vendor\codeigniter4\framework\system\CodeIgniter.php(832): App\Controllers\ModificationController->index('1', '1', '2', '*,,,')
#10 E:\Xampp\htdocs\gokarty\vendor\codeigniter4\framework\system\CodeIgniter.php(419): CodeIgniter\CodeIgniter->runController(Object(App\Controllers\ModificationController))
#11 E:\Xampp\htdocs\gokarty\vendor\codeigniter4\framework\system\CodeIgniter.php(326): CodeIgniter\CodeIgniter->handleRequest(NULL, Object(Config\Cache), false)
#12 E:\Xampp\htdocs\gokarty\public\index.php(37): CodeIgniter\CodeIgniter->run()
#13 {main}
CRITICAL - 2022-03-17 12:18:37 --> Undefined array key 0
#0 E:\Xampp\htdocs\gokarty\app\Views\forms\formularz.php(114): CodeIgniter\Debug\Exceptions->errorHandler(2, 'Undefined array...', 'E:\\Xampp\\htdocs...', 114)
#1 E:\Xampp\htdocs\gokarty\vendor\codeigniter4\framework\system\View\View.php(210): include('E:\\Xampp\\htdocs...')
#2 E:\Xampp\htdocs\gokarty\vendor\codeigniter4\framework\system\View\View.php(213): CodeIgniter\View\View->CodeIgniter\View\{closure}()
#3 E:\Xampp\htdocs\gokarty\vendor\codeigniter4\framework\system\Common.php(1089): CodeIgniter\View\View->render('forms/formularz', Array, true)
#4 E:\Xampp\htdocs\gokarty\app\Views\modification.php(59): view('forms/formularz', Array)
#5 E:\Xampp\htdocs\gokarty\vendor\codeigniter4\framework\system\View\View.php(210): include('E:\\Xampp\\htdocs...')
#6 E:\Xampp\htdocs\gokarty\vendor\codeigniter4\framework\system\View\View.php(213): CodeIgniter\View\View->CodeIgniter\View\{closure}()
#7 E:\Xampp\htdocs\gokarty\vendor\codeigniter4\framework\system\Common.php(1089): CodeIgniter\View\View->render('modification', Array, true)
#8 E:\Xampp\htdocs\gokarty\app\Controllers\ModificationController.php(36): view('modification', Array)
#9 E:\Xampp\htdocs\gokarty\vendor\codeigniter4\framework\system\CodeIgniter.php(832): App\Controllers\ModificationController->index('1', '1', '2', '*,,,')
#10 E:\Xampp\htdocs\gokarty\vendor\codeigniter4\framework\system\CodeIgniter.php(419): CodeIgniter\CodeIgniter->runController(Object(App\Controllers\ModificationController))
#11 E:\Xampp\htdocs\gokarty\vendor\codeigniter4\framework\system\CodeIgniter.php(326): CodeIgniter\CodeIgniter->handleRequest(NULL, Object(Config\Cache), false)
#12 E:\Xampp\htdocs\gokarty\public\index.php(37): CodeIgniter\CodeIgniter->run()
#13 {main}
CRITICAL - 2022-03-17 12:21:20 --> Undefined array key 0
#0 E:\Xampp\htdocs\gokarty\app\Views\forms\formularz.php(114): CodeIgniter\Debug\Exceptions->errorHandler(2, 'Undefined array...', 'E:\\Xampp\\htdocs...', 114)
#1 E:\Xampp\htdocs\gokarty\vendor\codeigniter4\framework\system\View\View.php(210): include('E:\\Xampp\\htdocs...')
#2 E:\Xampp\htdocs\gokarty\vendor\codeigniter4\framework\system\View\View.php(213): CodeIgniter\View\View->CodeIgniter\View\{closure}()
#3 E:\Xampp\htdocs\gokarty\vendor\codeigniter4\framework\system\Common.php(1089): CodeIgniter\View\View->render('forms/formularz', Array, true)
#4 E:\Xampp\htdocs\gokarty\app\Views\modification.php(59): view('forms/formularz', Array)
#5 E:\Xampp\htdocs\gokarty\vendor\codeigniter4\framework\system\View\View.php(210): include('E:\\Xampp\\htdocs...')
#6 E:\Xampp\htdocs\gokarty\vendor\codeigniter4\framework\system\View\View.php(213): CodeIgniter\View\View->CodeIgniter\View\{closure}()
#7 E:\Xampp\htdocs\gokarty\vendor\codeigniter4\framework\system\Common.php(1089): CodeIgniter\View\View->render('modification', Array, true)
#8 E:\Xampp\htdocs\gokarty\app\Controllers\ModificationController.php(36): view('modification', Array)
#9 E:\Xampp\htdocs\gokarty\vendor\codeigniter4\framework\system\CodeIgniter.php(832): App\Controllers\ModificationController->index('1', '1', '2', '*,,,')
#10 E:\Xampp\htdocs\gokarty\vendor\codeigniter4\framework\system\CodeIgniter.php(419): CodeIgniter\CodeIgniter->runController(Object(App\Controllers\ModificationController))
#11 E:\Xampp\htdocs\gokarty\vendor\codeigniter4\framework\system\CodeIgniter.php(326): CodeIgniter\CodeIgniter->handleRequest(NULL, Object(Config\Cache), false)
#12 E:\Xampp\htdocs\gokarty\public\index.php(37): CodeIgniter\CodeIgniter->run()
#13 {main}
