CRITICAL - 2022-03-23 04:42:01 --> Undefined array key 0
#0 E:\Xampp\htdocs\gokarty\app\Views\forms\formularz.php(10): CodeIgniter\Debug\Exceptions->errorHandler(2, 'Undefined array...', 'E:\\Xampp\\htdocs...', 10)
#1 E:\Xampp\htdocs\gokarty\vendor\codeigniter4\framework\system\View\View.php(210): include('E:\\Xampp\\htdocs...')
#2 E:\Xampp\htdocs\gokarty\vendor\codeigniter4\framework\system\View\View.php(213): CodeIgniter\View\View->CodeIgniter\View\{closure}()
#3 E:\Xampp\htdocs\gokarty\vendor\codeigniter4\framework\system\Common.php(1089): CodeIgniter\View\View->render('forms/formularz', Array, true)
#4 E:\Xampp\htdocs\gokarty\app\Views\modification.php(48): view('forms/formularz', Array)
#5 E:\Xampp\htdocs\gokarty\vendor\codeigniter4\framework\system\View\View.php(210): include('E:\\Xampp\\htdocs...')
#6 E:\Xampp\htdocs\gokarty\vendor\codeigniter4\framework\system\View\View.php(213): CodeIgniter\View\View->CodeIgniter\View\{closure}()
#7 E:\Xampp\htdocs\gokarty\vendor\codeigniter4\framework\system\Common.php(1089): CodeIgniter\View\View->render('modification', Array, true)
#8 E:\Xampp\htdocs\gokarty\app\Controllers\ModificationController.php(42): view('modification', Array)
#9 E:\Xampp\htdocs\gokarty\vendor\codeigniter4\framework\system\CodeIgniter.php(832): App\Controllers\ModificationController->index()
#10 E:\Xampp\htdocs\gokarty\vendor\codeigniter4\framework\system\CodeIgniter.php(419): CodeIgniter\CodeIgniter->runController(Object(App\Controllers\ModificationController))
#11 E:\Xampp\htdocs\gokarty\vendor\codeigniter4\framework\system\CodeIgniter.php(326): CodeIgniter\CodeIgniter->handleRequest(NULL, Object(Config\Cache), false)
#12 E:\Xampp\htdocs\gokarty\public\index.php(37): CodeIgniter\CodeIgniter->run()
#13 {main}
CRITICAL - 2022-03-23 04:51:51 --> Undefined array key 0
#0 E:\Xampp\htdocs\gokarty\app\Views\forms\formularz.php(243): CodeIgniter\Debug\Exceptions->errorHandler(2, 'Undefined array...', 'E:\\Xampp\\htdocs...', 243)
#1 E:\Xampp\htdocs\gokarty\vendor\codeigniter4\framework\system\View\View.php(210): include('E:\\Xampp\\htdocs...')
#2 E:\Xampp\htdocs\gokarty\vendor\codeigniter4\framework\system\View\View.php(213): CodeIgniter\View\View->CodeIgniter\View\{closure}()
#3 E:\Xampp\htdocs\gokarty\vendor\codeigniter4\framework\system\Common.php(1089): CodeIgniter\View\View->render('forms/formularz', Array, true)
#4 E:\Xampp\htdocs\gokarty\app\Views\modification.php(57): view('forms/formularz', Array)
#5 E:\Xampp\htdocs\gokarty\vendor\codeigniter4\framework\system\View\View.php(210): include('E:\\Xampp\\htdocs...')
#6 E:\Xampp\htdocs\gokarty\vendor\codeigniter4\framework\system\View\View.php(213): CodeIgniter\View\View->CodeIgniter\View\{closure}()
#7 E:\Xampp\htdocs\gokarty\vendor\codeigniter4\framework\system\Common.php(1089): CodeIgniter\View\View->render('modification', Array, true)
#8 E:\Xampp\htdocs\gokarty\app\Controllers\ModificationController.php(42): view('modification', Array)
#9 E:\Xampp\htdocs\gokarty\vendor\codeigniter4\framework\system\CodeIgniter.php(832): App\Controllers\ModificationController->index()
#10 E:\Xampp\htdocs\gokarty\vendor\codeigniter4\framework\system\CodeIgniter.php(419): CodeIgniter\CodeIgniter->runController(Object(App\Controllers\ModificationController))
#11 E:\Xampp\htdocs\gokarty\vendor\codeigniter4\framework\system\CodeIgniter.php(326): CodeIgniter\CodeIgniter->handleRequest(NULL, Object(Config\Cache), false)
#12 E:\Xampp\htdocs\gokarty\public\index.php(37): CodeIgniter\CodeIgniter->run()
#13 {main}
CRITICAL - 2022-03-23 04:52:48 --> Undefined array key 0
#0 E:\Xampp\htdocs\gokarty\app\Views\forms\formularz.php(243): CodeIgniter\Debug\Exceptions->errorHandler(2, 'Undefined array...', 'E:\\Xampp\\htdocs...', 243)
#1 E:\Xampp\htdocs\gokarty\vendor\codeigniter4\framework\system\View\View.php(210): include('E:\\Xampp\\htdocs...')
#2 E:\Xampp\htdocs\gokarty\vendor\codeigniter4\framework\system\View\View.php(213): CodeIgniter\View\View->CodeIgniter\View\{closure}()
#3 E:\Xampp\htdocs\gokarty\vendor\codeigniter4\framework\system\Common.php(1089): CodeIgniter\View\View->render('forms/formularz', Array, true)
#4 E:\Xampp\htdocs\gokarty\app\Views\modification.php(57): view('forms/formularz', Array)
#5 E:\Xampp\htdocs\gokarty\vendor\codeigniter4\framework\system\View\View.php(210): include('E:\\Xampp\\htdocs...')
#6 E:\Xampp\htdocs\gokarty\vendor\codeigniter4\framework\system\View\View.php(213): CodeIgniter\View\View->CodeIgniter\View\{closure}()
#7 E:\Xampp\htdocs\gokarty\vendor\codeigniter4\framework\system\Common.php(1089): CodeIgniter\View\View->render('modification', Array, true)
#8 E:\Xampp\htdocs\gokarty\app\Controllers\ModificationController.php(42): view('modification', Array)
#9 E:\Xampp\htdocs\gokarty\vendor\codeigniter4\framework\system\CodeIgniter.php(832): App\Controllers\ModificationController->index()
#10 E:\Xampp\htdocs\gokarty\vendor\codeigniter4\framework\system\CodeIgniter.php(419): CodeIgniter\CodeIgniter->runController(Object(App\Controllers\ModificationController))
#11 E:\Xampp\htdocs\gokarty\vendor\codeigniter4\framework\system\CodeIgniter.php(326): CodeIgniter\CodeIgniter->handleRequest(NULL, Object(Config\Cache), false)
#12 E:\Xampp\htdocs\gokarty\public\index.php(37): CodeIgniter\CodeIgniter->run()
#13 {main}
CRITICAL - 2022-03-23 04:53:23 --> Undefined array key 0
#0 E:\Xampp\htdocs\gokarty\app\Views\forms\formularz.php(243): CodeIgniter\Debug\Exceptions->errorHandler(2, 'Undefined array...', 'E:\\Xampp\\htdocs...', 243)
#1 E:\Xampp\htdocs\gokarty\vendor\codeigniter4\framework\system\View\View.php(210): include('E:\\Xampp\\htdocs...')
#2 E:\Xampp\htdocs\gokarty\vendor\codeigniter4\framework\system\View\View.php(213): CodeIgniter\View\View->CodeIgniter\View\{closure}()
#3 E:\Xampp\htdocs\gokarty\vendor\codeigniter4\framework\system\Common.php(1089): CodeIgniter\View\View->render('forms/formularz', Array, true)
#4 E:\Xampp\htdocs\gokarty\app\Views\modification.php(57): view('forms/formularz', Array)
#5 E:\Xampp\htdocs\gokarty\vendor\codeigniter4\framework\system\View\View.php(210): include('E:\\Xampp\\htdocs...')
#6 E:\Xampp\htdocs\gokarty\vendor\codeigniter4\framework\system\View\View.php(213): CodeIgniter\View\View->CodeIgniter\View\{closure}()
#7 E:\Xampp\htdocs\gokarty\vendor\codeigniter4\framework\system\Common.php(1089): CodeIgniter\View\View->render('modification', Array, true)
#8 E:\Xampp\htdocs\gokarty\app\Controllers\ModificationController.php(42): view('modification', Array)
#9 E:\Xampp\htdocs\gokarty\vendor\codeigniter4\framework\system\CodeIgniter.php(832): App\Controllers\ModificationController->index()
#10 E:\Xampp\htdocs\gokarty\vendor\codeigniter4\framework\system\CodeIgniter.php(419): CodeIgniter\CodeIgniter->runController(Object(App\Controllers\ModificationController))
#11 E:\Xampp\htdocs\gokarty\vendor\codeigniter4\framework\system\CodeIgniter.php(326): CodeIgniter\CodeIgniter->handleRequest(NULL, Object(Config\Cache), false)
#12 E:\Xampp\htdocs\gokarty\public\index.php(37): CodeIgniter\CodeIgniter->run()
#13 {main}
CRITICAL - 2022-03-23 04:53:38 --> Undefined array key 0
#0 E:\Xampp\htdocs\gokarty\app\Views\forms\formularz.php(243): CodeIgniter\Debug\Exceptions->errorHandler(2, 'Undefined array...', 'E:\\Xampp\\htdocs...', 243)
#1 E:\Xampp\htdocs\gokarty\vendor\codeigniter4\framework\system\View\View.php(210): include('E:\\Xampp\\htdocs...')
#2 E:\Xampp\htdocs\gokarty\vendor\codeigniter4\framework\system\View\View.php(213): CodeIgniter\View\View->CodeIgniter\View\{closure}()
#3 E:\Xampp\htdocs\gokarty\vendor\codeigniter4\framework\system\Common.php(1089): CodeIgniter\View\View->render('forms/formularz', Array, true)
#4 E:\Xampp\htdocs\gokarty\app\Views\modification.php(57): view('forms/formularz', Array)
#5 E:\Xampp\htdocs\gokarty\vendor\codeigniter4\framework\system\View\View.php(210): include('E:\\Xampp\\htdocs...')
#6 E:\Xampp\htdocs\gokarty\vendor\codeigniter4\framework\system\View\View.php(213): CodeIgniter\View\View->CodeIgniter\View\{closure}()
#7 E:\Xampp\htdocs\gokarty\vendor\codeigniter4\framework\system\Common.php(1089): CodeIgniter\View\View->render('modification', Array, true)
#8 E:\Xampp\htdocs\gokarty\app\Controllers\ModificationController.php(42): view('modification', Array)
#9 E:\Xampp\htdocs\gokarty\vendor\codeigniter4\framework\system\CodeIgniter.php(832): App\Controllers\ModificationController->index()
#10 E:\Xampp\htdocs\gokarty\vendor\codeigniter4\framework\system\CodeIgniter.php(419): CodeIgniter\CodeIgniter->runController(Object(App\Controllers\ModificationController))
#11 E:\Xampp\htdocs\gokarty\vendor\codeigniter4\framework\system\CodeIgniter.php(326): CodeIgniter\CodeIgniter->handleRequest(NULL, Object(Config\Cache), false)
#12 E:\Xampp\htdocs\gokarty\public\index.php(37): CodeIgniter\CodeIgniter->run()
#13 {main}
CRITICAL - 2022-03-23 04:53:40 --> Undefined array key 0
#0 E:\Xampp\htdocs\gokarty\app\Views\forms\formularz.php(243): CodeIgniter\Debug\Exceptions->errorHandler(2, 'Undefined array...', 'E:\\Xampp\\htdocs...', 243)
#1 E:\Xampp\htdocs\gokarty\vendor\codeigniter4\framework\system\View\View.php(210): include('E:\\Xampp\\htdocs...')
#2 E:\Xampp\htdocs\gokarty\vendor\codeigniter4\framework\system\View\View.php(213): CodeIgniter\View\View->CodeIgniter\View\{closure}()
#3 E:\Xampp\htdocs\gokarty\vendor\codeigniter4\framework\system\Common.php(1089): CodeIgniter\View\View->render('forms/formularz', Array, true)
#4 E:\Xampp\htdocs\gokarty\app\Views\modification.php(57): view('forms/formularz', Array)
#5 E:\Xampp\htdocs\gokarty\vendor\codeigniter4\framework\system\View\View.php(210): include('E:\\Xampp\\htdocs...')
#6 E:\Xampp\htdocs\gokarty\vendor\codeigniter4\framework\system\View\View.php(213): CodeIgniter\View\View->CodeIgniter\View\{closure}()
#7 E:\Xampp\htdocs\gokarty\vendor\codeigniter4\framework\system\Common.php(1089): CodeIgniter\View\View->render('modification', Array, true)
#8 E:\Xampp\htdocs\gokarty\app\Controllers\ModificationController.php(42): view('modification', Array)
#9 E:\Xampp\htdocs\gokarty\vendor\codeigniter4\framework\system\CodeIgniter.php(832): App\Controllers\ModificationController->index()
#10 E:\Xampp\htdocs\gokarty\vendor\codeigniter4\framework\system\CodeIgniter.php(419): CodeIgniter\CodeIgniter->runController(Object(App\Controllers\ModificationController))
#11 E:\Xampp\htdocs\gokarty\vendor\codeigniter4\framework\system\CodeIgniter.php(326): CodeIgniter\CodeIgniter->handleRequest(NULL, Object(Config\Cache), false)
#12 E:\Xampp\htdocs\gokarty\public\index.php(37): CodeIgniter\CodeIgniter->run()
#13 {main}
CRITICAL - 2022-03-23 04:53:42 --> Undefined array key 0
#0 E:\Xampp\htdocs\gokarty\app\Views\forms\formularz.php(243): CodeIgniter\Debug\Exceptions->errorHandler(2, 'Undefined array...', 'E:\\Xampp\\htdocs...', 243)
#1 E:\Xampp\htdocs\gokarty\vendor\codeigniter4\framework\system\View\View.php(210): include('E:\\Xampp\\htdocs...')
#2 E:\Xampp\htdocs\gokarty\vendor\codeigniter4\framework\system\View\View.php(213): CodeIgniter\View\View->CodeIgniter\View\{closure}()
#3 E:\Xampp\htdocs\gokarty\vendor\codeigniter4\framework\system\Common.php(1089): CodeIgniter\View\View->render('forms/formularz', Array, true)
#4 E:\Xampp\htdocs\gokarty\app\Views\modification.php(57): view('forms/formularz', Array)
#5 E:\Xampp\htdocs\gokarty\vendor\codeigniter4\framework\system\View\View.php(210): include('E:\\Xampp\\htdocs...')
#6 E:\Xampp\htdocs\gokarty\vendor\codeigniter4\framework\system\View\View.php(213): CodeIgniter\View\View->CodeIgniter\View\{closure}()
#7 E:\Xampp\htdocs\gokarty\vendor\codeigniter4\framework\system\Common.php(1089): CodeIgniter\View\View->render('modification', Array, true)
#8 E:\Xampp\htdocs\gokarty\app\Controllers\ModificationController.php(42): view('modification', Array)
#9 E:\Xampp\htdocs\gokarty\vendor\codeigniter4\framework\system\CodeIgniter.php(832): App\Controllers\ModificationController->index()
#10 E:\Xampp\htdocs\gokarty\vendor\codeigniter4\framework\system\CodeIgniter.php(419): CodeIgniter\CodeIgniter->runController(Object(App\Controllers\ModificationController))
#11 E:\Xampp\htdocs\gokarty\vendor\codeigniter4\framework\system\CodeIgniter.php(326): CodeIgniter\CodeIgniter->handleRequest(NULL, Object(Config\Cache), false)
#12 E:\Xampp\htdocs\gokarty\public\index.php(37): CodeIgniter\CodeIgniter->run()
#13 {main}
CRITICAL - 2022-03-23 04:53:43 --> Undefined array key 0
#0 E:\Xampp\htdocs\gokarty\app\Views\forms\formularz.php(243): CodeIgniter\Debug\Exceptions->errorHandler(2, 'Undefined array...', 'E:\\Xampp\\htdocs...', 243)
#1 E:\Xampp\htdocs\gokarty\vendor\codeigniter4\framework\system\View\View.php(210): include('E:\\Xampp\\htdocs...')
#2 E:\Xampp\htdocs\gokarty\vendor\codeigniter4\framework\system\View\View.php(213): CodeIgniter\View\View->CodeIgniter\View\{closure}()
#3 E:\Xampp\htdocs\gokarty\vendor\codeigniter4\framework\system\Common.php(1089): CodeIgniter\View\View->render('forms/formularz', Array, true)
#4 E:\Xampp\htdocs\gokarty\app\Views\modification.php(57): view('forms/formularz', Array)
#5 E:\Xampp\htdocs\gokarty\vendor\codeigniter4\framework\system\View\View.php(210): include('E:\\Xampp\\htdocs...')
#6 E:\Xampp\htdocs\gokarty\vendor\codeigniter4\framework\system\View\View.php(213): CodeIgniter\View\View->CodeIgniter\View\{closure}()
#7 E:\Xampp\htdocs\gokarty\vendor\codeigniter4\framework\system\Common.php(1089): CodeIgniter\View\View->render('modification', Array, true)
#8 E:\Xampp\htdocs\gokarty\app\Controllers\ModificationController.php(42): view('modification', Array)
#9 E:\Xampp\htdocs\gokarty\vendor\codeigniter4\framework\system\CodeIgniter.php(832): App\Controllers\ModificationController->index()
#10 E:\Xampp\htdocs\gokarty\vendor\codeigniter4\framework\system\CodeIgniter.php(419): CodeIgniter\CodeIgniter->runController(Object(App\Controllers\ModificationController))
#11 E:\Xampp\htdocs\gokarty\vendor\codeigniter4\framework\system\CodeIgniter.php(326): CodeIgniter\CodeIgniter->handleRequest(NULL, Object(Config\Cache), false)
#12 E:\Xampp\htdocs\gokarty\public\index.php(37): CodeIgniter\CodeIgniter->run()
#13 {main}
CRITICAL - 2022-03-23 04:53:43 --> Undefined array key 0
#0 E:\Xampp\htdocs\gokarty\app\Views\forms\formularz.php(243): CodeIgniter\Debug\Exceptions->errorHandler(2, 'Undefined array...', 'E:\\Xampp\\htdocs...', 243)
#1 E:\Xampp\htdocs\gokarty\vendor\codeigniter4\framework\system\View\View.php(210): include('E:\\Xampp\\htdocs...')
#2 E:\Xampp\htdocs\gokarty\vendor\codeigniter4\framework\system\View\View.php(213): CodeIgniter\View\View->CodeIgniter\View\{closure}()
#3 E:\Xampp\htdocs\gokarty\vendor\codeigniter4\framework\system\Common.php(1089): CodeIgniter\View\View->render('forms/formularz', Array, true)
#4 E:\Xampp\htdocs\gokarty\app\Views\modification.php(57): view('forms/formularz', Array)
#5 E:\Xampp\htdocs\gokarty\vendor\codeigniter4\framework\system\View\View.php(210): include('E:\\Xampp\\htdocs...')
#6 E:\Xampp\htdocs\gokarty\vendor\codeigniter4\framework\system\View\View.php(213): CodeIgniter\View\View->CodeIgniter\View\{closure}()
#7 E:\Xampp\htdocs\gokarty\vendor\codeigniter4\framework\system\Common.php(1089): CodeIgniter\View\View->render('modification', Array, true)
#8 E:\Xampp\htdocs\gokarty\app\Controllers\ModificationController.php(42): view('modification', Array)
#9 E:\Xampp\htdocs\gokarty\vendor\codeigniter4\framework\system\CodeIgniter.php(832): App\Controllers\ModificationController->index()
#10 E:\Xampp\htdocs\gokarty\vendor\codeigniter4\framework\system\CodeIgniter.php(419): CodeIgniter\CodeIgniter->runController(Object(App\Controllers\ModificationController))
#11 E:\Xampp\htdocs\gokarty\vendor\codeigniter4\framework\system\CodeIgniter.php(326): CodeIgniter\CodeIgniter->handleRequest(NULL, Object(Config\Cache), false)
#12 E:\Xampp\htdocs\gokarty\public\index.php(37): CodeIgniter\CodeIgniter->run()
#13 {main}
CRITICAL - 2022-03-23 04:53:55 --> Undefined array key 0
#0 E:\Xampp\htdocs\gokarty\app\Views\forms\formularz.php(243): CodeIgniter\Debug\Exceptions->errorHandler(2, 'Undefined array...', 'E:\\Xampp\\htdocs...', 243)
#1 E:\Xampp\htdocs\gokarty\vendor\codeigniter4\framework\system\View\View.php(210): include('E:\\Xampp\\htdocs...')
#2 E:\Xampp\htdocs\gokarty\vendor\codeigniter4\framework\system\View\View.php(213): CodeIgniter\View\View->CodeIgniter\View\{closure}()
#3 E:\Xampp\htdocs\gokarty\vendor\codeigniter4\framework\system\Common.php(1089): CodeIgniter\View\View->render('forms/formularz', Array, true)
#4 E:\Xampp\htdocs\gokarty\app\Views\modification.php(57): view('forms/formularz', Array)
#5 E:\Xampp\htdocs\gokarty\vendor\codeigniter4\framework\system\View\View.php(210): include('E:\\Xampp\\htdocs...')
#6 E:\Xampp\htdocs\gokarty\vendor\codeigniter4\framework\system\View\View.php(213): CodeIgniter\View\View->CodeIgniter\View\{closure}()
#7 E:\Xampp\htdocs\gokarty\vendor\codeigniter4\framework\system\Common.php(1089): CodeIgniter\View\View->render('modification', Array, true)
#8 E:\Xampp\htdocs\gokarty\app\Controllers\ModificationController.php(42): view('modification', Array)
#9 E:\Xampp\htdocs\gokarty\vendor\codeigniter4\framework\system\CodeIgniter.php(832): App\Controllers\ModificationController->index()
#10 E:\Xampp\htdocs\gokarty\vendor\codeigniter4\framework\system\CodeIgniter.php(419): CodeIgniter\CodeIgniter->runController(Object(App\Controllers\ModificationController))
#11 E:\Xampp\htdocs\gokarty\vendor\codeigniter4\framework\system\CodeIgniter.php(326): CodeIgniter\CodeIgniter->handleRequest(NULL, Object(Config\Cache), false)
#12 E:\Xampp\htdocs\gokarty\public\index.php(37): CodeIgniter\CodeIgniter->run()
#13 {main}
CRITICAL - 2022-03-23 04:53:58 --> Undefined array key 0
#0 E:\Xampp\htdocs\gokarty\app\Views\forms\formularz.php(243): CodeIgniter\Debug\Exceptions->errorHandler(2, 'Undefined array...', 'E:\\Xampp\\htdocs...', 243)
#1 E:\Xampp\htdocs\gokarty\vendor\codeigniter4\framework\system\View\View.php(210): include('E:\\Xampp\\htdocs...')
#2 E:\Xampp\htdocs\gokarty\vendor\codeigniter4\framework\system\View\View.php(213): CodeIgniter\View\View->CodeIgniter\View\{closure}()
#3 E:\Xampp\htdocs\gokarty\vendor\codeigniter4\framework\system\Common.php(1089): CodeIgniter\View\View->render('forms/formularz', Array, true)
#4 E:\Xampp\htdocs\gokarty\app\Views\modification.php(57): view('forms/formularz', Array)
#5 E:\Xampp\htdocs\gokarty\vendor\codeigniter4\framework\system\View\View.php(210): include('E:\\Xampp\\htdocs...')
#6 E:\Xampp\htdocs\gokarty\vendor\codeigniter4\framework\system\View\View.php(213): CodeIgniter\View\View->CodeIgniter\View\{closure}()
#7 E:\Xampp\htdocs\gokarty\vendor\codeigniter4\framework\system\Common.php(1089): CodeIgniter\View\View->render('modification', Array, true)
#8 E:\Xampp\htdocs\gokarty\app\Controllers\ModificationController.php(42): view('modification', Array)
#9 E:\Xampp\htdocs\gokarty\vendor\codeigniter4\framework\system\CodeIgniter.php(832): App\Controllers\ModificationController->index()
#10 E:\Xampp\htdocs\gokarty\vendor\codeigniter4\framework\system\CodeIgniter.php(419): CodeIgniter\CodeIgniter->runController(Object(App\Controllers\ModificationController))
#11 E:\Xampp\htdocs\gokarty\vendor\codeigniter4\framework\system\CodeIgniter.php(326): CodeIgniter\CodeIgniter->handleRequest(NULL, Object(Config\Cache), false)
#12 E:\Xampp\htdocs\gokarty\public\index.php(37): CodeIgniter\CodeIgniter->run()
#13 {main}
CRITICAL - 2022-03-23 04:54:10 --> Undefined array key 0
#0 E:\Xampp\htdocs\gokarty\app\Views\forms\formularz.php(243): CodeIgniter\Debug\Exceptions->errorHandler(2, 'Undefined array...', 'E:\\Xampp\\htdocs...', 243)
#1 E:\Xampp\htdocs\gokarty\vendor\codeigniter4\framework\system\View\View.php(210): include('E:\\Xampp\\htdocs...')
#2 E:\Xampp\htdocs\gokarty\vendor\codeigniter4\framework\system\View\View.php(213): CodeIgniter\View\View->CodeIgniter\View\{closure}()
#3 E:\Xampp\htdocs\gokarty\vendor\codeigniter4\framework\system\Common.php(1089): CodeIgniter\View\View->render('forms/formularz', Array, true)
#4 E:\Xampp\htdocs\gokarty\app\Views\modification.php(57): view('forms/formularz', Array)
#5 E:\Xampp\htdocs\gokarty\vendor\codeigniter4\framework\system\View\View.php(210): include('E:\\Xampp\\htdocs...')
#6 E:\Xampp\htdocs\gokarty\vendor\codeigniter4\framework\system\View\View.php(213): CodeIgniter\View\View->CodeIgniter\View\{closure}()
#7 E:\Xampp\htdocs\gokarty\vendor\codeigniter4\framework\system\Common.php(1089): CodeIgniter\View\View->render('modification', Array, true)
#8 E:\Xampp\htdocs\gokarty\app\Controllers\ModificationController.php(42): view('modification', Array)
#9 E:\Xampp\htdocs\gokarty\vendor\codeigniter4\framework\system\CodeIgniter.php(832): App\Controllers\ModificationController->index()
#10 E:\Xampp\htdocs\gokarty\vendor\codeigniter4\framework\system\CodeIgniter.php(419): CodeIgniter\CodeIgniter->runController(Object(App\Controllers\ModificationController))
#11 E:\Xampp\htdocs\gokarty\vendor\codeigniter4\framework\system\CodeIgniter.php(326): CodeIgniter\CodeIgniter->handleRequest(NULL, Object(Config\Cache), false)
#12 E:\Xampp\htdocs\gokarty\public\index.php(37): CodeIgniter\CodeIgniter->run()
#13 {main}
CRITICAL - 2022-03-23 04:58:32 --> Undefined array key 0
#0 E:\Xampp\htdocs\gokarty\app\Views\forms\formularz.php(10): CodeIgniter\Debug\Exceptions->errorHandler(2, 'Undefined array...', 'E:\\Xampp\\htdocs...', 10)
#1 E:\Xampp\htdocs\gokarty\vendor\codeigniter4\framework\system\View\View.php(210): include('E:\\Xampp\\htdocs...')
#2 E:\Xampp\htdocs\gokarty\vendor\codeigniter4\framework\system\View\View.php(213): CodeIgniter\View\View->CodeIgniter\View\{closure}()
#3 E:\Xampp\htdocs\gokarty\vendor\codeigniter4\framework\system\Common.php(1089): CodeIgniter\View\View->render('forms/formularz', Array, true)
#4 E:\Xampp\htdocs\gokarty\app\Views\modification.php(48): view('forms/formularz', Array)
#5 E:\Xampp\htdocs\gokarty\vendor\codeigniter4\framework\system\View\View.php(210): include('E:\\Xampp\\htdocs...')
#6 E:\Xampp\htdocs\gokarty\vendor\codeigniter4\framework\system\View\View.php(213): CodeIgniter\View\View->CodeIgniter\View\{closure}()
#7 E:\Xampp\htdocs\gokarty\vendor\codeigniter4\framework\system\Common.php(1089): CodeIgniter\View\View->render('modification', Array, true)
#8 E:\Xampp\htdocs\gokarty\app\Controllers\ModificationController.php(42): view('modification', Array)
#9 E:\Xampp\htdocs\gokarty\vendor\codeigniter4\framework\system\CodeIgniter.php(832): App\Controllers\ModificationController->index()
#10 E:\Xampp\htdocs\gokarty\vendor\codeigniter4\framework\system\CodeIgniter.php(419): CodeIgniter\CodeIgniter->runController(Object(App\Controllers\ModificationController))
#11 E:\Xampp\htdocs\gokarty\vendor\codeigniter4\framework\system\CodeIgniter.php(326): CodeIgniter\CodeIgniter->handleRequest(NULL, Object(Config\Cache), false)
#12 E:\Xampp\htdocs\gokarty\public\index.php(37): CodeIgniter\CodeIgniter->run()
#13 {main}
CRITICAL - 2022-03-23 05:01:15 --> Undefined array key 0
#0 E:\Xampp\htdocs\gokarty\app\Views\forms\formularz.php(10): CodeIgniter\Debug\Exceptions->errorHandler(2, 'Undefined array...', 'E:\\Xampp\\htdocs...', 10)
#1 E:\Xampp\htdocs\gokarty\vendor\codeigniter4\framework\system\View\View.php(210): include('E:\\Xampp\\htdocs...')
#2 E:\Xampp\htdocs\gokarty\vendor\codeigniter4\framework\system\View\View.php(213): CodeIgniter\View\View->CodeIgniter\View\{closure}()
#3 E:\Xampp\htdocs\gokarty\vendor\codeigniter4\framework\system\Common.php(1089): CodeIgniter\View\View->render('forms/formularz', Array, true)
#4 E:\Xampp\htdocs\gokarty\app\Views\modification.php(48): view('forms/formularz', Array)
#5 E:\Xampp\htdocs\gokarty\vendor\codeigniter4\framework\system\View\View.php(210): include('E:\\Xampp\\htdocs...')
#6 E:\Xampp\htdocs\gokarty\vendor\codeigniter4\framework\system\View\View.php(213): CodeIgniter\View\View->CodeIgniter\View\{closure}()
#7 E:\Xampp\htdocs\gokarty\vendor\codeigniter4\framework\system\Common.php(1089): CodeIgniter\View\View->render('modification', Array, true)
#8 E:\Xampp\htdocs\gokarty\app\Controllers\ModificationController.php(42): view('modification', Array)
#9 E:\Xampp\htdocs\gokarty\vendor\codeigniter4\framework\system\CodeIgniter.php(832): App\Controllers\ModificationController->index()
#10 E:\Xampp\htdocs\gokarty\vendor\codeigniter4\framework\system\CodeIgniter.php(419): CodeIgniter\CodeIgniter->runController(Object(App\Controllers\ModificationController))
#11 E:\Xampp\htdocs\gokarty\vendor\codeigniter4\framework\system\CodeIgniter.php(326): CodeIgniter\CodeIgniter->handleRequest(NULL, Object(Config\Cache), false)
#12 E:\Xampp\htdocs\gokarty\public\index.php(37): CodeIgniter\CodeIgniter->run()
#13 {main}
CRITICAL - 2022-03-23 05:01:18 --> Undefined array key 0
#0 E:\Xampp\htdocs\gokarty\app\Views\forms\formularz.php(10): CodeIgniter\Debug\Exceptions->errorHandler(2, 'Undefined array...', 'E:\\Xampp\\htdocs...', 10)
#1 E:\Xampp\htdocs\gokarty\vendor\codeigniter4\framework\system\View\View.php(210): include('E:\\Xampp\\htdocs...')
#2 E:\Xampp\htdocs\gokarty\vendor\codeigniter4\framework\system\View\View.php(213): CodeIgniter\View\View->CodeIgniter\View\{closure}()
#3 E:\Xampp\htdocs\gokarty\vendor\codeigniter4\framework\system\Common.php(1089): CodeIgniter\View\View->render('forms/formularz', Array, true)
#4 E:\Xampp\htdocs\gokarty\app\Views\modification.php(48): view('forms/formularz', Array)
#5 E:\Xampp\htdocs\gokarty\vendor\codeigniter4\framework\system\View\View.php(210): include('E:\\Xampp\\htdocs...')
#6 E:\Xampp\htdocs\gokarty\vendor\codeigniter4\framework\system\View\View.php(213): CodeIgniter\View\View->CodeIgniter\View\{closure}()
#7 E:\Xampp\htdocs\gokarty\vendor\codeigniter4\framework\system\Common.php(1089): CodeIgniter\View\View->render('modification', Array, true)
#8 E:\Xampp\htdocs\gokarty\app\Controllers\ModificationController.php(42): view('modification', Array)
#9 E:\Xampp\htdocs\gokarty\vendor\codeigniter4\framework\system\CodeIgniter.php(832): App\Controllers\ModificationController->index()
#10 E:\Xampp\htdocs\gokarty\vendor\codeigniter4\framework\system\CodeIgniter.php(419): CodeIgniter\CodeIgniter->runController(Object(App\Controllers\ModificationController))
#11 E:\Xampp\htdocs\gokarty\vendor\codeigniter4\framework\system\CodeIgniter.php(326): CodeIgniter\CodeIgniter->handleRequest(NULL, Object(Config\Cache), false)
#12 E:\Xampp\htdocs\gokarty\public\index.php(37): CodeIgniter\CodeIgniter->run()
#13 {main}
CRITICAL - 2022-03-23 05:05:26 --> Undefined array key 0
#0 E:\Xampp\htdocs\gokarty\app\Views\forms\formularz.php(10): CodeIgniter\Debug\Exceptions->errorHandler(2, 'Undefined array...', 'E:\\Xampp\\htdocs...', 10)
#1 E:\Xampp\htdocs\gokarty\vendor\codeigniter4\framework\system\View\View.php(210): include('E:\\Xampp\\htdocs...')
#2 E:\Xampp\htdocs\gokarty\vendor\codeigniter4\framework\system\View\View.php(213): CodeIgniter\View\View->CodeIgniter\View\{closure}()
#3 E:\Xampp\htdocs\gokarty\vendor\codeigniter4\framework\system\Common.php(1089): CodeIgniter\View\View->render('forms/formularz', Array, true)
#4 E:\Xampp\htdocs\gokarty\app\Views\modification.php(48): view('forms/formularz', Array)
#5 E:\Xampp\htdocs\gokarty\vendor\codeigniter4\framework\system\View\View.php(210): include('E:\\Xampp\\htdocs...')
#6 E:\Xampp\htdocs\gokarty\vendor\codeigniter4\framework\system\View\View.php(213): CodeIgniter\View\View->CodeIgniter\View\{closure}()
#7 E:\Xampp\htdocs\gokarty\vendor\codeigniter4\framework\system\Common.php(1089): CodeIgniter\View\View->render('modification', Array, true)
#8 E:\Xampp\htdocs\gokarty\app\Controllers\ModificationController.php(42): view('modification', Array)
#9 E:\Xampp\htdocs\gokarty\vendor\codeigniter4\framework\system\CodeIgniter.php(832): App\Controllers\ModificationController->index()
#10 E:\Xampp\htdocs\gokarty\vendor\codeigniter4\framework\system\CodeIgniter.php(419): CodeIgniter\CodeIgniter->runController(Object(App\Controllers\ModificationController))
#11 E:\Xampp\htdocs\gokarty\vendor\codeigniter4\framework\system\CodeIgniter.php(326): CodeIgniter\CodeIgniter->handleRequest(NULL, Object(Config\Cache), false)
#12 E:\Xampp\htdocs\gokarty\public\index.php(37): CodeIgniter\CodeIgniter->run()
#13 {main}
CRITICAL - 2022-03-23 05:08:46 --> Undefined array key 0
#0 E:\Xampp\htdocs\gokarty\app\Views\forms\formularz.php(10): CodeIgniter\Debug\Exceptions->errorHandler(2, 'Undefined array...', 'E:\\Xampp\\htdocs...', 10)
#1 E:\Xampp\htdocs\gokarty\vendor\codeigniter4\framework\system\View\View.php(210): include('E:\\Xampp\\htdocs...')
#2 E:\Xampp\htdocs\gokarty\vendor\codeigniter4\framework\system\View\View.php(213): CodeIgniter\View\View->CodeIgniter\View\{closure}()
#3 E:\Xampp\htdocs\gokarty\vendor\codeigniter4\framework\system\Common.php(1089): CodeIgniter\View\View->render('forms/formularz', Array, true)
#4 E:\Xampp\htdocs\gokarty\app\Views\modification.php(48): view('forms/formularz', Array)
#5 E:\Xampp\htdocs\gokarty\vendor\codeigniter4\framework\system\View\View.php(210): include('E:\\Xampp\\htdocs...')
#6 E:\Xampp\htdocs\gokarty\vendor\codeigniter4\framework\system\View\View.php(213): CodeIgniter\View\View->CodeIgniter\View\{closure}()
#7 E:\Xampp\htdocs\gokarty\vendor\codeigniter4\framework\system\Common.php(1089): CodeIgniter\View\View->render('modification', Array, true)
#8 E:\Xampp\htdocs\gokarty\app\Controllers\ModificationController.php(42): view('modification', Array)
#9 E:\Xampp\htdocs\gokarty\vendor\codeigniter4\framework\system\CodeIgniter.php(832): App\Controllers\ModificationController->index()
#10 E:\Xampp\htdocs\gokarty\vendor\codeigniter4\framework\system\CodeIgniter.php(419): CodeIgniter\CodeIgniter->runController(Object(App\Controllers\ModificationController))
#11 E:\Xampp\htdocs\gokarty\vendor\codeigniter4\framework\system\CodeIgniter.php(326): CodeIgniter\CodeIgniter->handleRequest(NULL, Object(Config\Cache), false)
#12 E:\Xampp\htdocs\gokarty\public\index.php(37): CodeIgniter\CodeIgniter->run()
#13 {main}
CRITICAL - 2022-03-23 05:10:23 --> Undefined array key 0
#0 E:\Xampp\htdocs\gokarty\app\Views\forms\formularz.php(243): CodeIgniter\Debug\Exceptions->errorHandler(2, 'Undefined array...', 'E:\\Xampp\\htdocs...', 243)
#1 E:\Xampp\htdocs\gokarty\vendor\codeigniter4\framework\system\View\View.php(210): include('E:\\Xampp\\htdocs...')
#2 E:\Xampp\htdocs\gokarty\vendor\codeigniter4\framework\system\View\View.php(213): CodeIgniter\View\View->CodeIgniter\View\{closure}()
#3 E:\Xampp\htdocs\gokarty\vendor\codeigniter4\framework\system\Common.php(1089): CodeIgniter\View\View->render('forms/formularz', Array, true)
#4 E:\Xampp\htdocs\gokarty\app\Views\modification.php(57): view('forms/formularz', Array)
#5 E:\Xampp\htdocs\gokarty\vendor\codeigniter4\framework\system\View\View.php(210): include('E:\\Xampp\\htdocs...')
#6 E:\Xampp\htdocs\gokarty\vendor\codeigniter4\framework\system\View\View.php(213): CodeIgniter\View\View->CodeIgniter\View\{closure}()
#7 E:\Xampp\htdocs\gokarty\vendor\codeigniter4\framework\system\Common.php(1089): CodeIgniter\View\View->render('modification', Array, true)
#8 E:\Xampp\htdocs\gokarty\app\Controllers\ModificationController.php(42): view('modification', Array)
#9 E:\Xampp\htdocs\gokarty\vendor\codeigniter4\framework\system\CodeIgniter.php(832): App\Controllers\ModificationController->index()
#10 E:\Xampp\htdocs\gokarty\vendor\codeigniter4\framework\system\CodeIgniter.php(419): CodeIgniter\CodeIgniter->runController(Object(App\Controllers\ModificationController))
#11 E:\Xampp\htdocs\gokarty\vendor\codeigniter4\framework\system\CodeIgniter.php(326): CodeIgniter\CodeIgniter->handleRequest(NULL, Object(Config\Cache), false)
#12 E:\Xampp\htdocs\gokarty\public\index.php(37): CodeIgniter\CodeIgniter->run()
#13 {main}
CRITICAL - 2022-03-23 05:13:38 --> Undefined array key 0
#0 E:\Xampp\htdocs\gokarty\app\Views\forms\formularz.php(243): CodeIgniter\Debug\Exceptions->errorHandler(2, 'Undefined array...', 'E:\\Xampp\\htdocs...', 243)
#1 E:\Xampp\htdocs\gokarty\vendor\codeigniter4\framework\system\View\View.php(210): include('E:\\Xampp\\htdocs...')
#2 E:\Xampp\htdocs\gokarty\vendor\codeigniter4\framework\system\View\View.php(213): CodeIgniter\View\View->CodeIgniter\View\{closure}()
#3 E:\Xampp\htdocs\gokarty\vendor\codeigniter4\framework\system\Common.php(1089): CodeIgniter\View\View->render('forms/formularz', Array, true)
#4 E:\Xampp\htdocs\gokarty\app\Views\modification.php(57): view('forms/formularz', Array)
#5 E:\Xampp\htdocs\gokarty\vendor\codeigniter4\framework\system\View\View.php(210): include('E:\\Xampp\\htdocs...')
#6 E:\Xampp\htdocs\gokarty\vendor\codeigniter4\framework\system\View\View.php(213): CodeIgniter\View\View->CodeIgniter\View\{closure}()
#7 E:\Xampp\htdocs\gokarty\vendor\codeigniter4\framework\system\Common.php(1089): CodeIgniter\View\View->render('modification', Array, true)
#8 E:\Xampp\htdocs\gokarty\app\Controllers\ModificationController.php(42): view('modification', Array)
#9 E:\Xampp\htdocs\gokarty\vendor\codeigniter4\framework\system\CodeIgniter.php(832): App\Controllers\ModificationController->index()
#10 E:\Xampp\htdocs\gokarty\vendor\codeigniter4\framework\system\CodeIgniter.php(419): CodeIgniter\CodeIgniter->runController(Object(App\Controllers\ModificationController))
#11 E:\Xampp\htdocs\gokarty\vendor\codeigniter4\framework\system\CodeIgniter.php(326): CodeIgniter\CodeIgniter->handleRequest(NULL, Object(Config\Cache), false)
#12 E:\Xampp\htdocs\gokarty\public\index.php(37): CodeIgniter\CodeIgniter->run()
#13 {main}
CRITICAL - 2022-03-23 06:21:07 --> Undefined array key 0
#0 E:\Xampp\htdocs\gokarty\app\Controllers\ModificationController.php(29): CodeIgniter\Debug\Exceptions->errorHandler(2, 'Undefined array...', 'E:\\Xampp\\htdocs...', 29)
#1 E:\Xampp\htdocs\gokarty\vendor\codeigniter4\framework\system\CodeIgniter.php(832): App\Controllers\ModificationController->index()
#2 E:\Xampp\htdocs\gokarty\vendor\codeigniter4\framework\system\CodeIgniter.php(419): CodeIgniter\CodeIgniter->runController(Object(App\Controllers\ModificationController))
#3 E:\Xampp\htdocs\gokarty\vendor\codeigniter4\framework\system\CodeIgniter.php(326): CodeIgniter\CodeIgniter->handleRequest(NULL, Object(Config\Cache), false)
#4 E:\Xampp\htdocs\gokarty\public\index.php(37): CodeIgniter\CodeIgniter->run()
#5 {main}
CRITICAL - 2022-03-23 06:25:00 --> Undefined array key 0
#0 E:\Xampp\htdocs\gokarty\app\Controllers\ModificationController.php(29): CodeIgniter\Debug\Exceptions->errorHandler(2, 'Undefined array...', 'E:\\Xampp\\htdocs...', 29)
#1 E:\Xampp\htdocs\gokarty\vendor\codeigniter4\framework\system\CodeIgniter.php(832): App\Controllers\ModificationController->index()
#2 E:\Xampp\htdocs\gokarty\vendor\codeigniter4\framework\system\CodeIgniter.php(419): CodeIgniter\CodeIgniter->runController(Object(App\Controllers\ModificationController))
#3 E:\Xampp\htdocs\gokarty\vendor\codeigniter4\framework\system\CodeIgniter.php(326): CodeIgniter\CodeIgniter->handleRequest(NULL, Object(Config\Cache), false)
#4 E:\Xampp\htdocs\gokarty\public\index.php(37): CodeIgniter\CodeIgniter->run()
#5 {main}
CRITICAL - 2022-03-23 08:39:23 --> Undefined array key 0
#0 E:\Xampp\htdocs\gokarty\app\Views\forms\formularz.php(10): CodeIgniter\Debug\Exceptions->errorHandler(2, 'Undefined array...', 'E:\\Xampp\\htdocs...', 10)
#1 E:\Xampp\htdocs\gokarty\vendor\codeigniter4\framework\system\View\View.php(210): include('E:\\Xampp\\htdocs...')
#2 E:\Xampp\htdocs\gokarty\vendor\codeigniter4\framework\system\View\View.php(213): CodeIgniter\View\View->CodeIgniter\View\{closure}()
#3 E:\Xampp\htdocs\gokarty\vendor\codeigniter4\framework\system\Common.php(1089): CodeIgniter\View\View->render('forms/formularz', Array, true)
#4 E:\Xampp\htdocs\gokarty\app\Views\modification.php(65): view('forms/formularz', Array)
#5 E:\Xampp\htdocs\gokarty\vendor\codeigniter4\framework\system\View\View.php(210): include('E:\\Xampp\\htdocs...')
#6 E:\Xampp\htdocs\gokarty\vendor\codeigniter4\framework\system\View\View.php(213): CodeIgniter\View\View->CodeIgniter\View\{closure}()
#7 E:\Xampp\htdocs\gokarty\vendor\codeigniter4\framework\system\Common.php(1089): CodeIgniter\View\View->render('modification', Array, true)
#8 E:\Xampp\htdocs\gokarty\app\Controllers\ModificationController.php(44): view('modification', Array)
#9 E:\Xampp\htdocs\gokarty\vendor\codeigniter4\framework\system\CodeIgniter.php(832): App\Controllers\ModificationController->index()
#10 E:\Xampp\htdocs\gokarty\vendor\codeigniter4\framework\system\CodeIgniter.php(419): CodeIgniter\CodeIgniter->runController(Object(App\Controllers\ModificationController))
#11 E:\Xampp\htdocs\gokarty\vendor\codeigniter4\framework\system\CodeIgniter.php(326): CodeIgniter\CodeIgniter->handleRequest(NULL, Object(Config\Cache), false)
#12 E:\Xampp\htdocs\gokarty\public\index.php(37): CodeIgniter\CodeIgniter->run()
#13 {main}
CRITICAL - 2022-03-23 08:43:54 --> Undefined array key 0
#0 E:\Xampp\htdocs\gokarty\app\Views\forms\formularz.php(10): CodeIgniter\Debug\Exceptions->errorHandler(2, 'Undefined array...', 'E:\\Xampp\\htdocs...', 10)
#1 E:\Xampp\htdocs\gokarty\vendor\codeigniter4\framework\system\View\View.php(210): include('E:\\Xampp\\htdocs...')
#2 E:\Xampp\htdocs\gokarty\vendor\codeigniter4\framework\system\View\View.php(213): CodeIgniter\View\View->CodeIgniter\View\{closure}()
#3 E:\Xampp\htdocs\gokarty\vendor\codeigniter4\framework\system\Common.php(1089): CodeIgniter\View\View->render('forms/formularz', Array, true)
#4 E:\Xampp\htdocs\gokarty\app\Views\modification.php(65): view('forms/formularz', Array)
#5 E:\Xampp\htdocs\gokarty\vendor\codeigniter4\framework\system\View\View.php(210): include('E:\\Xampp\\htdocs...')
#6 E:\Xampp\htdocs\gokarty\vendor\codeigniter4\framework\system\View\View.php(213): CodeIgniter\View\View->CodeIgniter\View\{closure}()
#7 E:\Xampp\htdocs\gokarty\vendor\codeigniter4\framework\system\Common.php(1089): CodeIgniter\View\View->render('modification', Array, true)
#8 E:\Xampp\htdocs\gokarty\app\Controllers\ModificationController.php(44): view('modification', Array)
#9 E:\Xampp\htdocs\gokarty\vendor\codeigniter4\framework\system\CodeIgniter.php(832): App\Controllers\ModificationController->index()
#10 E:\Xampp\htdocs\gokarty\vendor\codeigniter4\framework\system\CodeIgniter.php(419): CodeIgniter\CodeIgniter->runController(Object(App\Controllers\ModificationController))
#11 E:\Xampp\htdocs\gokarty\vendor\codeigniter4\framework\system\CodeIgniter.php(326): CodeIgniter\CodeIgniter->handleRequest(NULL, Object(Config\Cache), false)
#12 E:\Xampp\htdocs\gokarty\public\index.php(37): CodeIgniter\CodeIgniter->run()
#13 {main}
CRITICAL - 2022-03-23 08:45:58 --> Undefined array key 0
#0 E:\Xampp\htdocs\gokarty\app\Views\forms\formularz.php(10): CodeIgniter\Debug\Exceptions->errorHandler(2, 'Undefined array...', 'E:\\Xampp\\htdocs...', 10)
#1 E:\Xampp\htdocs\gokarty\vendor\codeigniter4\framework\system\View\View.php(210): include('E:\\Xampp\\htdocs...')
#2 E:\Xampp\htdocs\gokarty\vendor\codeigniter4\framework\system\View\View.php(213): CodeIgniter\View\View->CodeIgniter\View\{closure}()
#3 E:\Xampp\htdocs\gokarty\vendor\codeigniter4\framework\system\Common.php(1089): CodeIgniter\View\View->render('forms/formularz', Array, true)
#4 E:\Xampp\htdocs\gokarty\app\Views\modification.php(65): view('forms/formularz', Array)
#5 E:\Xampp\htdocs\gokarty\vendor\codeigniter4\framework\system\View\View.php(210): include('E:\\Xampp\\htdocs...')
#6 E:\Xampp\htdocs\gokarty\vendor\codeigniter4\framework\system\View\View.php(213): CodeIgniter\View\View->CodeIgniter\View\{closure}()
#7 E:\Xampp\htdocs\gokarty\vendor\codeigniter4\framework\system\Common.php(1089): CodeIgniter\View\View->render('modification', Array, true)
#8 E:\Xampp\htdocs\gokarty\app\Controllers\ModificationController.php(44): view('modification', Array)
#9 E:\Xampp\htdocs\gokarty\vendor\codeigniter4\framework\system\CodeIgniter.php(832): App\Controllers\ModificationController->index()
#10 E:\Xampp\htdocs\gokarty\vendor\codeigniter4\framework\system\CodeIgniter.php(419): CodeIgniter\CodeIgniter->runController(Object(App\Controllers\ModificationController))
#11 E:\Xampp\htdocs\gokarty\vendor\codeigniter4\framework\system\CodeIgniter.php(326): CodeIgniter\CodeIgniter->handleRequest(NULL, Object(Config\Cache), false)
#12 E:\Xampp\htdocs\gokarty\public\index.php(37): CodeIgniter\CodeIgniter->run()
#13 {main}
CRITICAL - 2022-03-23 08:46:34 --> Undefined array key 0
#0 E:\Xampp\htdocs\gokarty\app\Views\forms\formularz.php(10): CodeIgniter\Debug\Exceptions->errorHandler(2, 'Undefined array...', 'E:\\Xampp\\htdocs...', 10)
#1 E:\Xampp\htdocs\gokarty\vendor\codeigniter4\framework\system\View\View.php(210): include('E:\\Xampp\\htdocs...')
#2 E:\Xampp\htdocs\gokarty\vendor\codeigniter4\framework\system\View\View.php(213): CodeIgniter\View\View->CodeIgniter\View\{closure}()
#3 E:\Xampp\htdocs\gokarty\vendor\codeigniter4\framework\system\Common.php(1089): CodeIgniter\View\View->render('forms/formularz', Array, true)
#4 E:\Xampp\htdocs\gokarty\app\Views\modification.php(65): view('forms/formularz', Array)
#5 E:\Xampp\htdocs\gokarty\vendor\codeigniter4\framework\system\View\View.php(210): include('E:\\Xampp\\htdocs...')
#6 E:\Xampp\htdocs\gokarty\vendor\codeigniter4\framework\system\View\View.php(213): CodeIgniter\View\View->CodeIgniter\View\{closure}()
#7 E:\Xampp\htdocs\gokarty\vendor\codeigniter4\framework\system\Common.php(1089): CodeIgniter\View\View->render('modification', Array, true)
#8 E:\Xampp\htdocs\gokarty\app\Controllers\ModificationController.php(44): view('modification', Array)
#9 E:\Xampp\htdocs\gokarty\vendor\codeigniter4\framework\system\CodeIgniter.php(832): App\Controllers\ModificationController->index()
#10 E:\Xampp\htdocs\gokarty\vendor\codeigniter4\framework\system\CodeIgniter.php(419): CodeIgniter\CodeIgniter->runController(Object(App\Controllers\ModificationController))
#11 E:\Xampp\htdocs\gokarty\vendor\codeigniter4\framework\system\CodeIgniter.php(326): CodeIgniter\CodeIgniter->handleRequest(NULL, Object(Config\Cache), false)
#12 E:\Xampp\htdocs\gokarty\public\index.php(37): CodeIgniter\CodeIgniter->run()
#13 {main}
CRITICAL - 2022-03-23 08:47:07 --> Undefined array key "competitor"
#0 E:\Xampp\htdocs\gokarty\app\Controllers\ModificationController.php(61): CodeIgniter\Debug\Exceptions->errorHandler(2, 'Undefined array...', 'E:\\Xampp\\htdocs...', 61)
#1 E:\Xampp\htdocs\gokarty\vendor\codeigniter4\framework\system\CodeIgniter.php(832): App\Controllers\ModificationController->index()
#2 E:\Xampp\htdocs\gokarty\vendor\codeigniter4\framework\system\CodeIgniter.php(419): CodeIgniter\CodeIgniter->runController(Object(App\Controllers\ModificationController))
#3 E:\Xampp\htdocs\gokarty\vendor\codeigniter4\framework\system\CodeIgniter.php(326): CodeIgniter\CodeIgniter->handleRequest(NULL, Object(Config\Cache), false)
#4 E:\Xampp\htdocs\gokarty\public\index.php(37): CodeIgniter\CodeIgniter->run()
#5 {main}
CRITICAL - 2022-03-23 08:47:11 --> Undefined array key "competitor"
#0 E:\Xampp\htdocs\gokarty\app\Controllers\ModificationController.php(61): CodeIgniter\Debug\Exceptions->errorHandler(2, 'Undefined array...', 'E:\\Xampp\\htdocs...', 61)
#1 E:\Xampp\htdocs\gokarty\vendor\codeigniter4\framework\system\CodeIgniter.php(832): App\Controllers\ModificationController->index()
#2 E:\Xampp\htdocs\gokarty\vendor\codeigniter4\framework\system\CodeIgniter.php(419): CodeIgniter\CodeIgniter->runController(Object(App\Controllers\ModificationController))
#3 E:\Xampp\htdocs\gokarty\vendor\codeigniter4\framework\system\CodeIgniter.php(326): CodeIgniter\CodeIgniter->handleRequest(NULL, Object(Config\Cache), false)
#4 E:\Xampp\htdocs\gokarty\public\index.php(37): CodeIgniter\CodeIgniter->run()
#5 {main}
CRITICAL - 2022-03-23 08:47:53 --> Undefined array key "competitor"
#0 E:\Xampp\htdocs\gokarty\app\Controllers\ModificationController.php(62): CodeIgniter\Debug\Exceptions->errorHandler(2, 'Undefined array...', 'E:\\Xampp\\htdocs...', 62)
#1 E:\Xampp\htdocs\gokarty\vendor\codeigniter4\framework\system\CodeIgniter.php(832): App\Controllers\ModificationController->index()
#2 E:\Xampp\htdocs\gokarty\vendor\codeigniter4\framework\system\CodeIgniter.php(419): CodeIgniter\CodeIgniter->runController(Object(App\Controllers\ModificationController))
#3 E:\Xampp\htdocs\gokarty\vendor\codeigniter4\framework\system\CodeIgniter.php(326): CodeIgniter\CodeIgniter->handleRequest(NULL, Object(Config\Cache), false)
#4 E:\Xampp\htdocs\gokarty\public\index.php(37): CodeIgniter\CodeIgniter->run()
#5 {main}
CRITICAL - 2022-03-23 08:47:56 --> Undefined array key "competitor"
#0 E:\Xampp\htdocs\gokarty\app\Controllers\ModificationController.php(62): CodeIgniter\Debug\Exceptions->errorHandler(2, 'Undefined array...', 'E:\\Xampp\\htdocs...', 62)
#1 E:\Xampp\htdocs\gokarty\vendor\codeigniter4\framework\system\CodeIgniter.php(832): App\Controllers\ModificationController->index()
#2 E:\Xampp\htdocs\gokarty\vendor\codeigniter4\framework\system\CodeIgniter.php(419): CodeIgniter\CodeIgniter->runController(Object(App\Controllers\ModificationController))
#3 E:\Xampp\htdocs\gokarty\vendor\codeigniter4\framework\system\CodeIgniter.php(326): CodeIgniter\CodeIgniter->handleRequest(NULL, Object(Config\Cache), false)
#4 E:\Xampp\htdocs\gokarty\public\index.php(37): CodeIgniter\CodeIgniter->run()
#5 {main}
CRITICAL - 2022-03-23 08:48:21 --> Undefined array key "competitor"
#0 E:\Xampp\htdocs\gokarty\app\Controllers\ModificationController.php(62): CodeIgniter\Debug\Exceptions->errorHandler(2, 'Undefined array...', 'E:\\Xampp\\htdocs...', 62)
#1 E:\Xampp\htdocs\gokarty\vendor\codeigniter4\framework\system\CodeIgniter.php(832): App\Controllers\ModificationController->index()
#2 E:\Xampp\htdocs\gokarty\vendor\codeigniter4\framework\system\CodeIgniter.php(419): CodeIgniter\CodeIgniter->runController(Object(App\Controllers\ModificationController))
#3 E:\Xampp\htdocs\gokarty\vendor\codeigniter4\framework\system\CodeIgniter.php(326): CodeIgniter\CodeIgniter->handleRequest(NULL, Object(Config\Cache), false)
#4 E:\Xampp\htdocs\gokarty\public\index.php(37): CodeIgniter\CodeIgniter->run()
#5 {main}
CRITICAL - 2022-03-23 08:48:23 --> Undefined array key "competitor"
#0 E:\Xampp\htdocs\gokarty\app\Controllers\ModificationController.php(62): CodeIgniter\Debug\Exceptions->errorHandler(2, 'Undefined array...', 'E:\\Xampp\\htdocs...', 62)
#1 E:\Xampp\htdocs\gokarty\vendor\codeigniter4\framework\system\CodeIgniter.php(832): App\Controllers\ModificationController->index()
#2 E:\Xampp\htdocs\gokarty\vendor\codeigniter4\framework\system\CodeIgniter.php(419): CodeIgniter\CodeIgniter->runController(Object(App\Controllers\ModificationController))
#3 E:\Xampp\htdocs\gokarty\vendor\codeigniter4\framework\system\CodeIgniter.php(326): CodeIgniter\CodeIgniter->handleRequest(NULL, Object(Config\Cache), false)
#4 E:\Xampp\htdocs\gokarty\public\index.php(37): CodeIgniter\CodeIgniter->run()
#5 {main}
CRITICAL - 2022-03-23 08:48:30 --> Undefined array key "competitor"
#0 E:\Xampp\htdocs\gokarty\app\Controllers\ModificationController.php(62): CodeIgniter\Debug\Exceptions->errorHandler(2, 'Undefined array...', 'E:\\Xampp\\htdocs...', 62)
#1 E:\Xampp\htdocs\gokarty\vendor\codeigniter4\framework\system\CodeIgniter.php(832): App\Controllers\ModificationController->index()
#2 E:\Xampp\htdocs\gokarty\vendor\codeigniter4\framework\system\CodeIgniter.php(419): CodeIgniter\CodeIgniter->runController(Object(App\Controllers\ModificationController))
#3 E:\Xampp\htdocs\gokarty\vendor\codeigniter4\framework\system\CodeIgniter.php(326): CodeIgniter\CodeIgniter->handleRequest(NULL, Object(Config\Cache), false)
#4 E:\Xampp\htdocs\gokarty\public\index.php(37): CodeIgniter\CodeIgniter->run()
#5 {main}
CRITICAL - 2022-03-23 08:48:51 --> Undefined array key "competitor"
#0 E:\Xampp\htdocs\gokarty\app\Controllers\ModificationController.php(62): CodeIgniter\Debug\Exceptions->errorHandler(2, 'Undefined array...', 'E:\\Xampp\\htdocs...', 62)
#1 E:\Xampp\htdocs\gokarty\vendor\codeigniter4\framework\system\CodeIgniter.php(832): App\Controllers\ModificationController->index()
#2 E:\Xampp\htdocs\gokarty\vendor\codeigniter4\framework\system\CodeIgniter.php(419): CodeIgniter\CodeIgniter->runController(Object(App\Controllers\ModificationController))
#3 E:\Xampp\htdocs\gokarty\vendor\codeigniter4\framework\system\CodeIgniter.php(326): CodeIgniter\CodeIgniter->handleRequest(NULL, Object(Config\Cache), false)
#4 E:\Xampp\htdocs\gokarty\public\index.php(37): CodeIgniter\CodeIgniter->run()
#5 {main}
CRITICAL - 2022-03-23 08:49:04 --> Undefined array key "competitor"
#0 E:\Xampp\htdocs\gokarty\app\Controllers\ModificationController.php(62): CodeIgniter\Debug\Exceptions->errorHandler(2, 'Undefined array...', 'E:\\Xampp\\htdocs...', 62)
#1 E:\Xampp\htdocs\gokarty\vendor\codeigniter4\framework\system\CodeIgniter.php(832): App\Controllers\ModificationController->index()
#2 E:\Xampp\htdocs\gokarty\vendor\codeigniter4\framework\system\CodeIgniter.php(419): CodeIgniter\CodeIgniter->runController(Object(App\Controllers\ModificationController))
#3 E:\Xampp\htdocs\gokarty\vendor\codeigniter4\framework\system\CodeIgniter.php(326): CodeIgniter\CodeIgniter->handleRequest(NULL, Object(Config\Cache), false)
#4 E:\Xampp\htdocs\gokarty\public\index.php(37): CodeIgniter\CodeIgniter->run()
#5 {main}
CRITICAL - 2022-03-23 08:49:04 --> Undefined array key "competitor"
#0 E:\Xampp\htdocs\gokarty\app\Controllers\ModificationController.php(62): CodeIgniter\Debug\Exceptions->errorHandler(2, 'Undefined array...', 'E:\\Xampp\\htdocs...', 62)
#1 E:\Xampp\htdocs\gokarty\vendor\codeigniter4\framework\system\CodeIgniter.php(832): App\Controllers\ModificationController->index()
#2 E:\Xampp\htdocs\gokarty\vendor\codeigniter4\framework\system\CodeIgniter.php(419): CodeIgniter\CodeIgniter->runController(Object(App\Controllers\ModificationController))
#3 E:\Xampp\htdocs\gokarty\vendor\codeigniter4\framework\system\CodeIgniter.php(326): CodeIgniter\CodeIgniter->handleRequest(NULL, Object(Config\Cache), false)
#4 E:\Xampp\htdocs\gokarty\public\index.php(37): CodeIgniter\CodeIgniter->run()
#5 {main}
CRITICAL - 2022-03-23 08:49:05 --> Undefined array key "competitor"
#0 E:\Xampp\htdocs\gokarty\app\Controllers\ModificationController.php(62): CodeIgniter\Debug\Exceptions->errorHandler(2, 'Undefined array...', 'E:\\Xampp\\htdocs...', 62)
#1 E:\Xampp\htdocs\gokarty\vendor\codeigniter4\framework\system\CodeIgniter.php(832): App\Controllers\ModificationController->index()
#2 E:\Xampp\htdocs\gokarty\vendor\codeigniter4\framework\system\CodeIgniter.php(419): CodeIgniter\CodeIgniter->runController(Object(App\Controllers\ModificationController))
#3 E:\Xampp\htdocs\gokarty\vendor\codeigniter4\framework\system\CodeIgniter.php(326): CodeIgniter\CodeIgniter->handleRequest(NULL, Object(Config\Cache), false)
#4 E:\Xampp\htdocs\gokarty\public\index.php(37): CodeIgniter\CodeIgniter->run()
#5 {main}
CRITICAL - 2022-03-23 08:49:05 --> Undefined array key "competitor"
#0 E:\Xampp\htdocs\gokarty\app\Controllers\ModificationController.php(62): CodeIgniter\Debug\Exceptions->errorHandler(2, 'Undefined array...', 'E:\\Xampp\\htdocs...', 62)
#1 E:\Xampp\htdocs\gokarty\vendor\codeigniter4\framework\system\CodeIgniter.php(832): App\Controllers\ModificationController->index()
#2 E:\Xampp\htdocs\gokarty\vendor\codeigniter4\framework\system\CodeIgniter.php(419): CodeIgniter\CodeIgniter->runController(Object(App\Controllers\ModificationController))
#3 E:\Xampp\htdocs\gokarty\vendor\codeigniter4\framework\system\CodeIgniter.php(326): CodeIgniter\CodeIgniter->handleRequest(NULL, Object(Config\Cache), false)
#4 E:\Xampp\htdocs\gokarty\public\index.php(37): CodeIgniter\CodeIgniter->run()
#5 {main}
CRITICAL - 2022-03-23 08:49:05 --> Undefined array key "competitor"
#0 E:\Xampp\htdocs\gokarty\app\Controllers\ModificationController.php(62): CodeIgniter\Debug\Exceptions->errorHandler(2, 'Undefined array...', 'E:\\Xampp\\htdocs...', 62)
#1 E:\Xampp\htdocs\gokarty\vendor\codeigniter4\framework\system\CodeIgniter.php(832): App\Controllers\ModificationController->index()
#2 E:\Xampp\htdocs\gokarty\vendor\codeigniter4\framework\system\CodeIgniter.php(419): CodeIgniter\CodeIgniter->runController(Object(App\Controllers\ModificationController))
#3 E:\Xampp\htdocs\gokarty\vendor\codeigniter4\framework\system\CodeIgniter.php(326): CodeIgniter\CodeIgniter->handleRequest(NULL, Object(Config\Cache), false)
#4 E:\Xampp\htdocs\gokarty\public\index.php(37): CodeIgniter\CodeIgniter->run()
#5 {main}
CRITICAL - 2022-03-23 08:49:12 --> Undefined array key "competitor"
#0 E:\Xampp\htdocs\gokarty\app\Controllers\ModificationController.php(62): CodeIgniter\Debug\Exceptions->errorHandler(2, 'Undefined array...', 'E:\\Xampp\\htdocs...', 62)
#1 E:\Xampp\htdocs\gokarty\vendor\codeigniter4\framework\system\CodeIgniter.php(832): App\Controllers\ModificationController->index()
#2 E:\Xampp\htdocs\gokarty\vendor\codeigniter4\framework\system\CodeIgniter.php(419): CodeIgniter\CodeIgniter->runController(Object(App\Controllers\ModificationController))
#3 E:\Xampp\htdocs\gokarty\vendor\codeigniter4\framework\system\CodeIgniter.php(326): CodeIgniter\CodeIgniter->handleRequest(NULL, Object(Config\Cache), false)
#4 E:\Xampp\htdocs\gokarty\public\index.php(37): CodeIgniter\CodeIgniter->run()
#5 {main}
CRITICAL - 2022-03-23 08:49:17 --> Undefined array key "competitor"
#0 E:\Xampp\htdocs\gokarty\app\Controllers\ModificationController.php(62): CodeIgniter\Debug\Exceptions->errorHandler(2, 'Undefined array...', 'E:\\Xampp\\htdocs...', 62)
#1 E:\Xampp\htdocs\gokarty\vendor\codeigniter4\framework\system\CodeIgniter.php(832): App\Controllers\ModificationController->index()
#2 E:\Xampp\htdocs\gokarty\vendor\codeigniter4\framework\system\CodeIgniter.php(419): CodeIgniter\CodeIgniter->runController(Object(App\Controllers\ModificationController))
#3 E:\Xampp\htdocs\gokarty\vendor\codeigniter4\framework\system\CodeIgniter.php(326): CodeIgniter\CodeIgniter->handleRequest(NULL, Object(Config\Cache), false)
#4 E:\Xampp\htdocs\gokarty\public\index.php(37): CodeIgniter\CodeIgniter->run()
#5 {main}
CRITICAL - 2022-03-23 08:49:41 --> Undefined array key "competitor"
#0 E:\Xampp\htdocs\gokarty\app\Controllers\ModificationController.php(62): CodeIgniter\Debug\Exceptions->errorHandler(2, 'Undefined array...', 'E:\\Xampp\\htdocs...', 62)
#1 E:\Xampp\htdocs\gokarty\vendor\codeigniter4\framework\system\CodeIgniter.php(832): App\Controllers\ModificationController->index()
#2 E:\Xampp\htdocs\gokarty\vendor\codeigniter4\framework\system\CodeIgniter.php(419): CodeIgniter\CodeIgniter->runController(Object(App\Controllers\ModificationController))
#3 E:\Xampp\htdocs\gokarty\vendor\codeigniter4\framework\system\CodeIgniter.php(326): CodeIgniter\CodeIgniter->handleRequest(NULL, Object(Config\Cache), false)
#4 E:\Xampp\htdocs\gokarty\public\index.php(37): CodeIgniter\CodeIgniter->run()
#5 {main}
CRITICAL - 2022-03-23 08:49:42 --> Undefined array key "competitor"
#0 E:\Xampp\htdocs\gokarty\app\Controllers\ModificationController.php(62): CodeIgniter\Debug\Exceptions->errorHandler(2, 'Undefined array...', 'E:\\Xampp\\htdocs...', 62)
#1 E:\Xampp\htdocs\gokarty\vendor\codeigniter4\framework\system\CodeIgniter.php(832): App\Controllers\ModificationController->index()
#2 E:\Xampp\htdocs\gokarty\vendor\codeigniter4\framework\system\CodeIgniter.php(419): CodeIgniter\CodeIgniter->runController(Object(App\Controllers\ModificationController))
#3 E:\Xampp\htdocs\gokarty\vendor\codeigniter4\framework\system\CodeIgniter.php(326): CodeIgniter\CodeIgniter->handleRequest(NULL, Object(Config\Cache), false)
#4 E:\Xampp\htdocs\gokarty\public\index.php(37): CodeIgniter\CodeIgniter->run()
#5 {main}
CRITICAL - 2022-03-23 08:49:42 --> Undefined array key "competitor"
#0 E:\Xampp\htdocs\gokarty\app\Controllers\ModificationController.php(62): CodeIgniter\Debug\Exceptions->errorHandler(2, 'Undefined array...', 'E:\\Xampp\\htdocs...', 62)
#1 E:\Xampp\htdocs\gokarty\vendor\codeigniter4\framework\system\CodeIgniter.php(832): App\Controllers\ModificationController->index()
#2 E:\Xampp\htdocs\gokarty\vendor\codeigniter4\framework\system\CodeIgniter.php(419): CodeIgniter\CodeIgniter->runController(Object(App\Controllers\ModificationController))
#3 E:\Xampp\htdocs\gokarty\vendor\codeigniter4\framework\system\CodeIgniter.php(326): CodeIgniter\CodeIgniter->handleRequest(NULL, Object(Config\Cache), false)
#4 E:\Xampp\htdocs\gokarty\public\index.php(37): CodeIgniter\CodeIgniter->run()
#5 {main}
CRITICAL - 2022-03-23 08:49:43 --> Undefined array key "competitor"
#0 E:\Xampp\htdocs\gokarty\app\Controllers\ModificationController.php(62): CodeIgniter\Debug\Exceptions->errorHandler(2, 'Undefined array...', 'E:\\Xampp\\htdocs...', 62)
#1 E:\Xampp\htdocs\gokarty\vendor\codeigniter4\framework\system\CodeIgniter.php(832): App\Controllers\ModificationController->index()
#2 E:\Xampp\htdocs\gokarty\vendor\codeigniter4\framework\system\CodeIgniter.php(419): CodeIgniter\CodeIgniter->runController(Object(App\Controllers\ModificationController))
#3 E:\Xampp\htdocs\gokarty\vendor\codeigniter4\framework\system\CodeIgniter.php(326): CodeIgniter\CodeIgniter->handleRequest(NULL, Object(Config\Cache), false)
#4 E:\Xampp\htdocs\gokarty\public\index.php(37): CodeIgniter\CodeIgniter->run()
#5 {main}
CRITICAL - 2022-03-23 08:49:44 --> Undefined array key "competitor"
#0 E:\Xampp\htdocs\gokarty\app\Controllers\ModificationController.php(62): CodeIgniter\Debug\Exceptions->errorHandler(2, 'Undefined array...', 'E:\\Xampp\\htdocs...', 62)
#1 E:\Xampp\htdocs\gokarty\vendor\codeigniter4\framework\system\CodeIgniter.php(832): App\Controllers\ModificationController->index()
#2 E:\Xampp\htdocs\gokarty\vendor\codeigniter4\framework\system\CodeIgniter.php(419): CodeIgniter\CodeIgniter->runController(Object(App\Controllers\ModificationController))
#3 E:\Xampp\htdocs\gokarty\vendor\codeigniter4\framework\system\CodeIgniter.php(326): CodeIgniter\CodeIgniter->handleRequest(NULL, Object(Config\Cache), false)
#4 E:\Xampp\htdocs\gokarty\public\index.php(37): CodeIgniter\CodeIgniter->run()
#5 {main}
CRITICAL - 2022-03-23 08:53:43 --> Undefined array key "competitor"
#0 E:\Xampp\htdocs\gokarty\app\Controllers\ModificationController.php(62): CodeIgniter\Debug\Exceptions->errorHandler(2, 'Undefined array...', 'E:\\Xampp\\htdocs...', 62)
#1 E:\Xampp\htdocs\gokarty\vendor\codeigniter4\framework\system\CodeIgniter.php(832): App\Controllers\ModificationController->index()
#2 E:\Xampp\htdocs\gokarty\vendor\codeigniter4\framework\system\CodeIgniter.php(419): CodeIgniter\CodeIgniter->runController(Object(App\Controllers\ModificationController))
#3 E:\Xampp\htdocs\gokarty\vendor\codeigniter4\framework\system\CodeIgniter.php(326): CodeIgniter\CodeIgniter->handleRequest(NULL, Object(Config\Cache), false)
#4 E:\Xampp\htdocs\gokarty\public\index.php(37): CodeIgniter\CodeIgniter->run()
#5 {main}
