CRITICAL - 2022-03-21 05:23:18 --> Undefined array key 0
#0 E:\Xampp\htdocs\gokarty\app\Views\forms\formularz.php(9): CodeIgniter\Debug\Exceptions->errorHandler(2, 'Undefined array...', 'E:\\Xampp\\htdocs...', 9)
#1 E:\Xampp\htdocs\gokarty\vendor\codeigniter4\framework\system\View\View.php(210): include('E:\\Xampp\\htdocs...')
#2 E:\Xampp\htdocs\gokarty\vendor\codeigniter4\framework\system\View\View.php(213): CodeIgniter\View\View->CodeIgniter\View\{closure}()
#3 E:\Xampp\htdocs\gokarty\vendor\codeigniter4\framework\system\Common.php(1089): CodeIgniter\View\View->render('forms/formularz', Array, true)
#4 E:\Xampp\htdocs\gokarty\app\Views\modification.php(47): view('forms/formularz', Array)
#5 E:\Xampp\htdocs\gokarty\vendor\codeigniter4\framework\system\View\View.php(210): include('E:\\Xampp\\htdocs...')
#6 E:\Xampp\htdocs\gokarty\vendor\codeigniter4\framework\system\View\View.php(213): CodeIgniter\View\View->CodeIgniter\View\{closure}()
#7 E:\Xampp\htdocs\gokarty\vendor\codeigniter4\framework\system\Common.php(1089): CodeIgniter\View\View->render('modification', Array, true)
#8 E:\Xampp\htdocs\gokarty\app\Controllers\ModificationController.php(43): view('modification', Array)
#9 E:\Xampp\htdocs\gokarty\vendor\codeigniter4\framework\system\CodeIgniter.php(832): App\Controllers\ModificationController->index()
#10 E:\Xampp\htdocs\gokarty\vendor\codeigniter4\framework\system\CodeIgniter.php(419): CodeIgniter\CodeIgniter->runController(Object(App\Controllers\ModificationController))
#11 E:\Xampp\htdocs\gokarty\vendor\codeigniter4\framework\system\CodeIgniter.php(326): CodeIgniter\CodeIgniter->handleRequest(NULL, Object(Config\Cache), false)
#12 E:\Xampp\htdocs\gokarty\public\index.php(37): CodeIgniter\CodeIgniter->run()
#13 {main}
CRITICAL - 2022-03-21 05:23:24 --> Undefined array key 0
#0 E:\Xampp\htdocs\gokarty\app\Views\forms\formularz.php(9): CodeIgniter\Debug\Exceptions->errorHandler(2, 'Undefined array...', 'E:\\Xampp\\htdocs...', 9)
#1 E:\Xampp\htdocs\gokarty\vendor\codeigniter4\framework\system\View\View.php(210): include('E:\\Xampp\\htdocs...')
#2 E:\Xampp\htdocs\gokarty\vendor\codeigniter4\framework\system\View\View.php(213): CodeIgniter\View\View->CodeIgniter\View\{closure}()
#3 E:\Xampp\htdocs\gokarty\vendor\codeigniter4\framework\system\Common.php(1089): CodeIgniter\View\View->render('forms/formularz', Array, true)
#4 E:\Xampp\htdocs\gokarty\app\Views\modification.php(47): view('forms/formularz', Array)
#5 E:\Xampp\htdocs\gokarty\vendor\codeigniter4\framework\system\View\View.php(210): include('E:\\Xampp\\htdocs...')
#6 E:\Xampp\htdocs\gokarty\vendor\codeigniter4\framework\system\View\View.php(213): CodeIgniter\View\View->CodeIgniter\View\{closure}()
#7 E:\Xampp\htdocs\gokarty\vendor\codeigniter4\framework\system\Common.php(1089): CodeIgniter\View\View->render('modification', Array, true)
#8 E:\Xampp\htdocs\gokarty\app\Controllers\ModificationController.php(43): view('modification', Array)
#9 E:\Xampp\htdocs\gokarty\vendor\codeigniter4\framework\system\CodeIgniter.php(832): App\Controllers\ModificationController->index()
#10 E:\Xampp\htdocs\gokarty\vendor\codeigniter4\framework\system\CodeIgniter.php(419): CodeIgniter\CodeIgniter->runController(Object(App\Controllers\ModificationController))
#11 E:\Xampp\htdocs\gokarty\vendor\codeigniter4\framework\system\CodeIgniter.php(326): CodeIgniter\CodeIgniter->handleRequest(NULL, Object(Config\Cache), false)
#12 E:\Xampp\htdocs\gokarty\public\index.php(37): CodeIgniter\CodeIgniter->run()
#13 {main}
CRITICAL - 2022-03-21 05:52:03 --> Undefined array key 0
#0 E:\Xampp\htdocs\gokarty\app\Views\forms\formularz.php(9): CodeIgniter\Debug\Exceptions->errorHandler(2, 'Undefined array...', 'E:\\Xampp\\htdocs...', 9)
#1 E:\Xampp\htdocs\gokarty\vendor\codeigniter4\framework\system\View\View.php(210): include('E:\\Xampp\\htdocs...')
#2 E:\Xampp\htdocs\gokarty\vendor\codeigniter4\framework\system\View\View.php(213): CodeIgniter\View\View->CodeIgniter\View\{closure}()
#3 E:\Xampp\htdocs\gokarty\vendor\codeigniter4\framework\system\Common.php(1089): CodeIgniter\View\View->render('forms/formularz', Array, true)
#4 E:\Xampp\htdocs\gokarty\app\Views\modification.php(47): view('forms/formularz', Array)
#5 E:\Xampp\htdocs\gokarty\vendor\codeigniter4\framework\system\View\View.php(210): include('E:\\Xampp\\htdocs...')
#6 E:\Xampp\htdocs\gokarty\vendor\codeigniter4\framework\system\View\View.php(213): CodeIgniter\View\View->CodeIgniter\View\{closure}()
#7 E:\Xampp\htdocs\gokarty\vendor\codeigniter4\framework\system\Common.php(1089): CodeIgniter\View\View->render('modification', Array, true)
#8 E:\Xampp\htdocs\gokarty\app\Controllers\ModificationController.php(43): view('modification', Array)
#9 E:\Xampp\htdocs\gokarty\vendor\codeigniter4\framework\system\CodeIgniter.php(832): App\Controllers\ModificationController->index()
#10 E:\Xampp\htdocs\gokarty\vendor\codeigniter4\framework\system\CodeIgniter.php(419): CodeIgniter\CodeIgniter->runController(Object(App\Controllers\ModificationController))
#11 E:\Xampp\htdocs\gokarty\vendor\codeigniter4\framework\system\CodeIgniter.php(326): CodeIgniter\CodeIgniter->handleRequest(NULL, Object(Config\Cache), false)
#12 E:\Xampp\htdocs\gokarty\public\index.php(37): CodeIgniter\CodeIgniter->run()
#13 {main}
CRITICAL - 2022-03-21 05:53:21 --> Undefined array key 0
#0 E:\Xampp\htdocs\gokarty\app\Views\forms\formularz.php(9): CodeIgniter\Debug\Exceptions->errorHandler(2, 'Undefined array...', 'E:\\Xampp\\htdocs...', 9)
#1 E:\Xampp\htdocs\gokarty\vendor\codeigniter4\framework\system\View\View.php(210): include('E:\\Xampp\\htdocs...')
#2 E:\Xampp\htdocs\gokarty\vendor\codeigniter4\framework\system\View\View.php(213): CodeIgniter\View\View->CodeIgniter\View\{closure}()
#3 E:\Xampp\htdocs\gokarty\vendor\codeigniter4\framework\system\Common.php(1089): CodeIgniter\View\View->render('forms/formularz', Array, true)
#4 E:\Xampp\htdocs\gokarty\app\Views\modification.php(47): view('forms/formularz', Array)
#5 E:\Xampp\htdocs\gokarty\vendor\codeigniter4\framework\system\View\View.php(210): include('E:\\Xampp\\htdocs...')
#6 E:\Xampp\htdocs\gokarty\vendor\codeigniter4\framework\system\View\View.php(213): CodeIgniter\View\View->CodeIgniter\View\{closure}()
#7 E:\Xampp\htdocs\gokarty\vendor\codeigniter4\framework\system\Common.php(1089): CodeIgniter\View\View->render('modification', Array, true)
#8 E:\Xampp\htdocs\gokarty\app\Controllers\ModificationController.php(38): view('modification', Array)
#9 E:\Xampp\htdocs\gokarty\vendor\codeigniter4\framework\system\CodeIgniter.php(832): App\Controllers\ModificationController->index()
#10 E:\Xampp\htdocs\gokarty\vendor\codeigniter4\framework\system\CodeIgniter.php(419): CodeIgniter\CodeIgniter->runController(Object(App\Controllers\ModificationController))
#11 E:\Xampp\htdocs\gokarty\vendor\codeigniter4\framework\system\CodeIgniter.php(326): CodeIgniter\CodeIgniter->handleRequest(NULL, Object(Config\Cache), false)
#12 E:\Xampp\htdocs\gokarty\public\index.php(37): CodeIgniter\CodeIgniter->run()
#13 {main}
CRITICAL - 2022-03-21 05:53:23 --> Undefined array key 0
#0 E:\Xampp\htdocs\gokarty\app\Views\forms\formularz.php(9): CodeIgniter\Debug\Exceptions->errorHandler(2, 'Undefined array...', 'E:\\Xampp\\htdocs...', 9)
#1 E:\Xampp\htdocs\gokarty\vendor\codeigniter4\framework\system\View\View.php(210): include('E:\\Xampp\\htdocs...')
#2 E:\Xampp\htdocs\gokarty\vendor\codeigniter4\framework\system\View\View.php(213): CodeIgniter\View\View->CodeIgniter\View\{closure}()
#3 E:\Xampp\htdocs\gokarty\vendor\codeigniter4\framework\system\Common.php(1089): CodeIgniter\View\View->render('forms/formularz', Array, true)
#4 E:\Xampp\htdocs\gokarty\app\Views\modification.php(47): view('forms/formularz', Array)
#5 E:\Xampp\htdocs\gokarty\vendor\codeigniter4\framework\system\View\View.php(210): include('E:\\Xampp\\htdocs...')
#6 E:\Xampp\htdocs\gokarty\vendor\codeigniter4\framework\system\View\View.php(213): CodeIgniter\View\View->CodeIgniter\View\{closure}()
#7 E:\Xampp\htdocs\gokarty\vendor\codeigniter4\framework\system\Common.php(1089): CodeIgniter\View\View->render('modification', Array, true)
#8 E:\Xampp\htdocs\gokarty\app\Controllers\ModificationController.php(38): view('modification', Array)
#9 E:\Xampp\htdocs\gokarty\vendor\codeigniter4\framework\system\CodeIgniter.php(832): App\Controllers\ModificationController->index()
#10 E:\Xampp\htdocs\gokarty\vendor\codeigniter4\framework\system\CodeIgniter.php(419): CodeIgniter\CodeIgniter->runController(Object(App\Controllers\ModificationController))
#11 E:\Xampp\htdocs\gokarty\vendor\codeigniter4\framework\system\CodeIgniter.php(326): CodeIgniter\CodeIgniter->handleRequest(NULL, Object(Config\Cache), false)
#12 E:\Xampp\htdocs\gokarty\public\index.php(37): CodeIgniter\CodeIgniter->run()
#13 {main}
CRITICAL - 2022-03-21 05:54:44 --> Undefined array key 0
#0 E:\Xampp\htdocs\gokarty\app\Views\forms\formularz.php(9): CodeIgniter\Debug\Exceptions->errorHandler(2, 'Undefined array...', 'E:\\Xampp\\htdocs...', 9)
#1 E:\Xampp\htdocs\gokarty\vendor\codeigniter4\framework\system\View\View.php(210): include('E:\\Xampp\\htdocs...')
#2 E:\Xampp\htdocs\gokarty\vendor\codeigniter4\framework\system\View\View.php(213): CodeIgniter\View\View->CodeIgniter\View\{closure}()
#3 E:\Xampp\htdocs\gokarty\vendor\codeigniter4\framework\system\Common.php(1089): CodeIgniter\View\View->render('forms/formularz', Array, true)
#4 E:\Xampp\htdocs\gokarty\app\Views\modification.php(47): view('forms/formularz', Array)
#5 E:\Xampp\htdocs\gokarty\vendor\codeigniter4\framework\system\View\View.php(210): include('E:\\Xampp\\htdocs...')
#6 E:\Xampp\htdocs\gokarty\vendor\codeigniter4\framework\system\View\View.php(213): CodeIgniter\View\View->CodeIgniter\View\{closure}()
#7 E:\Xampp\htdocs\gokarty\vendor\codeigniter4\framework\system\Common.php(1089): CodeIgniter\View\View->render('modification', Array, true)
#8 E:\Xampp\htdocs\gokarty\app\Controllers\ModificationController.php(38): view('modification', Array)
#9 E:\Xampp\htdocs\gokarty\vendor\codeigniter4\framework\system\CodeIgniter.php(832): App\Controllers\ModificationController->index()
#10 E:\Xampp\htdocs\gokarty\vendor\codeigniter4\framework\system\CodeIgniter.php(419): CodeIgniter\CodeIgniter->runController(Object(App\Controllers\ModificationController))
#11 E:\Xampp\htdocs\gokarty\vendor\codeigniter4\framework\system\CodeIgniter.php(326): CodeIgniter\CodeIgniter->handleRequest(NULL, Object(Config\Cache), false)
#12 E:\Xampp\htdocs\gokarty\public\index.php(37): CodeIgniter\CodeIgniter->run()
#13 {main}
CRITICAL - 2022-03-21 05:54:45 --> Undefined array key 0
#0 E:\Xampp\htdocs\gokarty\app\Views\forms\formularz.php(9): CodeIgniter\Debug\Exceptions->errorHandler(2, 'Undefined array...', 'E:\\Xampp\\htdocs...', 9)
#1 E:\Xampp\htdocs\gokarty\vendor\codeigniter4\framework\system\View\View.php(210): include('E:\\Xampp\\htdocs...')
#2 E:\Xampp\htdocs\gokarty\vendor\codeigniter4\framework\system\View\View.php(213): CodeIgniter\View\View->CodeIgniter\View\{closure}()
#3 E:\Xampp\htdocs\gokarty\vendor\codeigniter4\framework\system\Common.php(1089): CodeIgniter\View\View->render('forms/formularz', Array, true)
#4 E:\Xampp\htdocs\gokarty\app\Views\modification.php(47): view('forms/formularz', Array)
#5 E:\Xampp\htdocs\gokarty\vendor\codeigniter4\framework\system\View\View.php(210): include('E:\\Xampp\\htdocs...')
#6 E:\Xampp\htdocs\gokarty\vendor\codeigniter4\framework\system\View\View.php(213): CodeIgniter\View\View->CodeIgniter\View\{closure}()
#7 E:\Xampp\htdocs\gokarty\vendor\codeigniter4\framework\system\Common.php(1089): CodeIgniter\View\View->render('modification', Array, true)
#8 E:\Xampp\htdocs\gokarty\app\Controllers\ModificationController.php(38): view('modification', Array)
#9 E:\Xampp\htdocs\gokarty\vendor\codeigniter4\framework\system\CodeIgniter.php(832): App\Controllers\ModificationController->index()
#10 E:\Xampp\htdocs\gokarty\vendor\codeigniter4\framework\system\CodeIgniter.php(419): CodeIgniter\CodeIgniter->runController(Object(App\Controllers\ModificationController))
#11 E:\Xampp\htdocs\gokarty\vendor\codeigniter4\framework\system\CodeIgniter.php(326): CodeIgniter\CodeIgniter->handleRequest(NULL, Object(Config\Cache), false)
#12 E:\Xampp\htdocs\gokarty\public\index.php(37): CodeIgniter\CodeIgniter->run()
#13 {main}
CRITICAL - 2022-03-21 05:54:47 --> Undefined array key 0
#0 E:\Xampp\htdocs\gokarty\app\Views\forms\formularz.php(9): CodeIgniter\Debug\Exceptions->errorHandler(2, 'Undefined array...', 'E:\\Xampp\\htdocs...', 9)
#1 E:\Xampp\htdocs\gokarty\vendor\codeigniter4\framework\system\View\View.php(210): include('E:\\Xampp\\htdocs...')
#2 E:\Xampp\htdocs\gokarty\vendor\codeigniter4\framework\system\View\View.php(213): CodeIgniter\View\View->CodeIgniter\View\{closure}()
#3 E:\Xampp\htdocs\gokarty\vendor\codeigniter4\framework\system\Common.php(1089): CodeIgniter\View\View->render('forms/formularz', Array, true)
#4 E:\Xampp\htdocs\gokarty\app\Views\modification.php(47): view('forms/formularz', Array)
#5 E:\Xampp\htdocs\gokarty\vendor\codeigniter4\framework\system\View\View.php(210): include('E:\\Xampp\\htdocs...')
#6 E:\Xampp\htdocs\gokarty\vendor\codeigniter4\framework\system\View\View.php(213): CodeIgniter\View\View->CodeIgniter\View\{closure}()
#7 E:\Xampp\htdocs\gokarty\vendor\codeigniter4\framework\system\Common.php(1089): CodeIgniter\View\View->render('modification', Array, true)
#8 E:\Xampp\htdocs\gokarty\app\Controllers\ModificationController.php(38): view('modification', Array)
#9 E:\Xampp\htdocs\gokarty\vendor\codeigniter4\framework\system\CodeIgniter.php(832): App\Controllers\ModificationController->index()
#10 E:\Xampp\htdocs\gokarty\vendor\codeigniter4\framework\system\CodeIgniter.php(419): CodeIgniter\CodeIgniter->runController(Object(App\Controllers\ModificationController))
#11 E:\Xampp\htdocs\gokarty\vendor\codeigniter4\framework\system\CodeIgniter.php(326): CodeIgniter\CodeIgniter->handleRequest(NULL, Object(Config\Cache), false)
#12 E:\Xampp\htdocs\gokarty\public\index.php(37): CodeIgniter\CodeIgniter->run()
#13 {main}
CRITICAL - 2022-03-21 05:55:28 --> Undefined array key 0
#0 E:\Xampp\htdocs\gokarty\app\Views\forms\formularz.php(9): CodeIgniter\Debug\Exceptions->errorHandler(2, 'Undefined array...', 'E:\\Xampp\\htdocs...', 9)
#1 E:\Xampp\htdocs\gokarty\vendor\codeigniter4\framework\system\View\View.php(210): include('E:\\Xampp\\htdocs...')
#2 E:\Xampp\htdocs\gokarty\vendor\codeigniter4\framework\system\View\View.php(213): CodeIgniter\View\View->CodeIgniter\View\{closure}()
#3 E:\Xampp\htdocs\gokarty\vendor\codeigniter4\framework\system\Common.php(1089): CodeIgniter\View\View->render('forms/formularz', Array, true)
#4 E:\Xampp\htdocs\gokarty\app\Views\modification.php(47): view('forms/formularz', Array)
#5 E:\Xampp\htdocs\gokarty\vendor\codeigniter4\framework\system\View\View.php(210): include('E:\\Xampp\\htdocs...')
#6 E:\Xampp\htdocs\gokarty\vendor\codeigniter4\framework\system\View\View.php(213): CodeIgniter\View\View->CodeIgniter\View\{closure}()
#7 E:\Xampp\htdocs\gokarty\vendor\codeigniter4\framework\system\Common.php(1089): CodeIgniter\View\View->render('modification', Array, true)
#8 E:\Xampp\htdocs\gokarty\app\Controllers\ModificationController.php(38): view('modification', Array)
#9 E:\Xampp\htdocs\gokarty\vendor\codeigniter4\framework\system\CodeIgniter.php(832): App\Controllers\ModificationController->index()
#10 E:\Xampp\htdocs\gokarty\vendor\codeigniter4\framework\system\CodeIgniter.php(419): CodeIgniter\CodeIgniter->runController(Object(App\Controllers\ModificationController))
#11 E:\Xampp\htdocs\gokarty\vendor\codeigniter4\framework\system\CodeIgniter.php(326): CodeIgniter\CodeIgniter->handleRequest(NULL, Object(Config\Cache), false)
#12 E:\Xampp\htdocs\gokarty\public\index.php(37): CodeIgniter\CodeIgniter->run()
#13 {main}
CRITICAL - 2022-03-21 05:57:02 --> Undefined array key 0
#0 E:\Xampp\htdocs\gokarty\app\Views\forms\formularz.php(9): CodeIgniter\Debug\Exceptions->errorHandler(2, 'Undefined array...', 'E:\\Xampp\\htdocs...', 9)
#1 E:\Xampp\htdocs\gokarty\vendor\codeigniter4\framework\system\View\View.php(210): include('E:\\Xampp\\htdocs...')
#2 E:\Xampp\htdocs\gokarty\vendor\codeigniter4\framework\system\View\View.php(213): CodeIgniter\View\View->CodeIgniter\View\{closure}()
#3 E:\Xampp\htdocs\gokarty\vendor\codeigniter4\framework\system\Common.php(1089): CodeIgniter\View\View->render('forms/formularz', Array, true)
#4 E:\Xampp\htdocs\gokarty\app\Views\modification.php(47): view('forms/formularz', Array)
#5 E:\Xampp\htdocs\gokarty\vendor\codeigniter4\framework\system\View\View.php(210): include('E:\\Xampp\\htdocs...')
#6 E:\Xampp\htdocs\gokarty\vendor\codeigniter4\framework\system\View\View.php(213): CodeIgniter\View\View->CodeIgniter\View\{closure}()
#7 E:\Xampp\htdocs\gokarty\vendor\codeigniter4\framework\system\Common.php(1089): CodeIgniter\View\View->render('modification', Array, true)
#8 E:\Xampp\htdocs\gokarty\app\Controllers\ModificationController.php(38): view('modification', Array)
#9 E:\Xampp\htdocs\gokarty\vendor\codeigniter4\framework\system\CodeIgniter.php(832): App\Controllers\ModificationController->index()
#10 E:\Xampp\htdocs\gokarty\vendor\codeigniter4\framework\system\CodeIgniter.php(419): CodeIgniter\CodeIgniter->runController(Object(App\Controllers\ModificationController))
#11 E:\Xampp\htdocs\gokarty\vendor\codeigniter4\framework\system\CodeIgniter.php(326): CodeIgniter\CodeIgniter->handleRequest(NULL, Object(Config\Cache), false)
#12 E:\Xampp\htdocs\gokarty\public\index.php(37): CodeIgniter\CodeIgniter->run()
#13 {main}
