CRITICAL - 2022-04-13 11:25:40 --> unlink(/home/zstio/websites/gokarty/gokarty/writable/debugbar/debugbar_1649866532.json): No such file or directory
#0 [internal function]: CodeIgniter\Debug\Exceptions->errorHandler(2, 'unlink(/home/zs...', '/home/zstio/web...', 74, Array)
#1 /home/zstio/websites/gokarty/gokarty/vendor/codeigniter4/framework/system/Debug/Toolbar/Collectors/History.php(74): unlink('/home/zstio/web...')
#2 /home/zstio/websites/gokarty/gokarty/vendor/codeigniter4/framework/system/Debug/Toolbar.php(487): CodeIgniter\Debug\Toolbar\Collectors\History->setFiles(1649867140, 20)
#3 /home/zstio/websites/gokarty/gokarty/vendor/codeigniter4/framework/system/Debug/Toolbar.php(464): CodeIgniter\Debug\Toolbar->format(Array, 'html')
#4 /home/zstio/websites/gokarty/gokarty/app/Config/Events.php(48): CodeIgniter\Debug\Toolbar->respond()
#5 /home/zstio/websites/gokarty/gokarty/vendor/codeigniter4/framework/system/Events/Events.php(149): CodeIgniter\Events\Events::Config\{closure}()
#6 /home/zstio/websites/gokarty/gokarty/vendor/codeigniter4/framework/system/CodeIgniter.php(308): CodeIgniter\Events\Events::trigger('pre_system')
#7 /home/zstio/websites/gokarty/index.php(37): CodeIgniter\CodeIgniter->run()
#8 {main}
CRITICAL - 2022-04-13 11:27:47 --> unlink(/home/zstio/websites/gokarty/gokarty/writable/debugbar/debugbar_1649867190.json): No such file or directory
#0 [internal function]: CodeIgniter\Debug\Exceptions->errorHandler(2, 'unlink(/home/zs...', '/home/zstio/web...', 74, Array)
#1 /home/zstio/websites/gokarty/gokarty/vendor/codeigniter4/framework/system/Debug/Toolbar/Collectors/History.php(74): unlink('/home/zstio/web...')
#2 /home/zstio/websites/gokarty/gokarty/vendor/codeigniter4/framework/system/Debug/Toolbar.php(487): CodeIgniter\Debug\Toolbar\Collectors\History->setFiles(1649867267, 20)
#3 /home/zstio/websites/gokarty/gokarty/vendor/codeigniter4/framework/system/Debug/Toolbar.php(464): CodeIgniter\Debug\Toolbar->format(Array, 'html')
#4 /home/zstio/websites/gokarty/gokarty/app/Config/Events.php(48): CodeIgniter\Debug\Toolbar->respond()
#5 /home/zstio/websites/gokarty/gokarty/vendor/codeigniter4/framework/system/Events/Events.php(149): CodeIgniter\Events\Events::Config\{closure}()
#6 /home/zstio/websites/gokarty/gokarty/vendor/codeigniter4/framework/system/CodeIgniter.php(308): CodeIgniter\Events\Events::trigger('pre_system')
#7 /home/zstio/websites/gokarty/index.php(37): CodeIgniter\CodeIgniter->run()
#8 {main}
CRITICAL - 2022-04-13 11:28:07 --> preg_match(): Unknown modifier '-'
#0 [internal function]: CodeIgniter\Debug\Exceptions->errorHandler(2, 'preg_match(): U...', '/home/zstio/web...', 171, Array)
#1 /home/zstio/websites/gokarty/gokarty/vendor/codeigniter4/framework/system/Validation/FormatRules.php(171): preg_match('/^[A-Za-z /-Z\xC4\x84...', 'Limanowa$$$')
#2 /home/zstio/websites/gokarty/gokarty/vendor/codeigniter4/framework/system/Validation/Validation.php(292): CodeIgniter\Validation\FormatRules->regex_match('Limanowa$$$', '/^[A-Za-z /-Z\xC4\x84...', Array, NULL)
#3 /home/zstio/websites/gokarty/gokarty/vendor/codeigniter4/framework/system/Validation/Validation.php(157): CodeIgniter\Validation\Validation->processRules('city_name', 'nazwa_miasta', 'Limanowa$$$', Array, Array)
#4 /home/zstio/websites/gokarty/gokarty/vendor/codeigniter4/framework/system/Controller.php(160): CodeIgniter\Validation\Validation->run()
#5 /home/zstio/websites/gokarty/gokarty/app/Controllers/ModificationController.php(305): CodeIgniter\Controller->validate(Array)
#6 /home/zstio/websites/gokarty/gokarty/vendor/codeigniter4/framework/system/CodeIgniter.php(832): App\Controllers\ModificationController->modifycity()
#7 /home/zstio/websites/gokarty/gokarty/vendor/codeigniter4/framework/system/CodeIgniter.php(419): CodeIgniter\CodeIgniter->runController(Object(App\Controllers\ModificationController))
#8 /home/zstio/websites/gokarty/gokarty/vendor/codeigniter4/framework/system/CodeIgniter.php(326): CodeIgniter\CodeIgniter->handleRequest(NULL, Object(Config\Cache), false)
#9 /home/zstio/websites/gokarty/index.php(37): CodeIgniter\CodeIgniter->run()
#10 {main}
CRITICAL - 2022-04-13 11:28:20 --> preg_match(): Unknown modifier '-'
#0 [internal function]: CodeIgniter\Debug\Exceptions->errorHandler(2, 'preg_match(): U...', '/home/zstio/web...', 171, Array)
#1 /home/zstio/websites/gokarty/gokarty/vendor/codeigniter4/framework/system/Validation/FormatRules.php(171): preg_match('/^[A-Za-z /-Z\xC4\x84...', 'Limanowa$$$')
#2 /home/zstio/websites/gokarty/gokarty/vendor/codeigniter4/framework/system/Validation/Validation.php(292): CodeIgniter\Validation\FormatRules->regex_match('Limanowa$$$', '/^[A-Za-z /-Z\xC4\x84...', Array, NULL)
#3 /home/zstio/websites/gokarty/gokarty/vendor/codeigniter4/framework/system/Validation/Validation.php(157): CodeIgniter\Validation\Validation->processRules('city_name', 'nazwa_miasta', 'Limanowa$$$', Array, Array)
#4 /home/zstio/websites/gokarty/gokarty/vendor/codeigniter4/framework/system/Controller.php(160): CodeIgniter\Validation\Validation->run()
#5 /home/zstio/websites/gokarty/gokarty/app/Controllers/ModificationController.php(305): CodeIgniter\Controller->validate(Array)
#6 /home/zstio/websites/gokarty/gokarty/vendor/codeigniter4/framework/system/CodeIgniter.php(832): App\Controllers\ModificationController->modifycity()
#7 /home/zstio/websites/gokarty/gokarty/vendor/codeigniter4/framework/system/CodeIgniter.php(419): CodeIgniter\CodeIgniter->runController(Object(App\Controllers\ModificationController))
#8 /home/zstio/websites/gokarty/gokarty/vendor/codeigniter4/framework/system/CodeIgniter.php(326): CodeIgniter\CodeIgniter->handleRequest(NULL, Object(Config\Cache), false)
#9 /home/zstio/websites/gokarty/index.php(37): CodeIgniter\CodeIgniter->run()
#10 {main}
CRITICAL - 2022-04-13 11:28:49 --> preg_match(): Unknown modifier '-'
#0 [internal function]: CodeIgniter\Debug\Exceptions->errorHandler(2, 'preg_match(): U...', '/home/zstio/web...', 171, Array)
#1 /home/zstio/websites/gokarty/gokarty/vendor/codeigniter4/framework/system/Validation/FormatRules.php(171): preg_match('/^[A-Za-z /-Z\xC4\x84...', 'Limanowa@@')
#2 /home/zstio/websites/gokarty/gokarty/vendor/codeigniter4/framework/system/Validation/Validation.php(292): CodeIgniter\Validation\FormatRules->regex_match('Limanowa@@', '/^[A-Za-z /-Z\xC4\x84...', Array, NULL)
#3 /home/zstio/websites/gokarty/gokarty/vendor/codeigniter4/framework/system/Validation/Validation.php(157): CodeIgniter\Validation\Validation->processRules('city_name', 'nazwa_miasta', 'Limanowa@@', Array, Array)
#4 /home/zstio/websites/gokarty/gokarty/vendor/codeigniter4/framework/system/Controller.php(160): CodeIgniter\Validation\Validation->run()
#5 /home/zstio/websites/gokarty/gokarty/app/Controllers/ModificationController.php(305): CodeIgniter\Controller->validate(Array)
#6 /home/zstio/websites/gokarty/gokarty/vendor/codeigniter4/framework/system/CodeIgniter.php(832): App\Controllers\ModificationController->modifycity()
#7 /home/zstio/websites/gokarty/gokarty/vendor/codeigniter4/framework/system/CodeIgniter.php(419): CodeIgniter\CodeIgniter->runController(Object(App\Controllers\ModificationController))
#8 /home/zstio/websites/gokarty/gokarty/vendor/codeigniter4/framework/system/CodeIgniter.php(326): CodeIgniter\CodeIgniter->handleRequest(NULL, Object(Config\Cache), false)
#9 /home/zstio/websites/gokarty/index.php(37): CodeIgniter\CodeIgniter->run()
#10 {main}
CRITICAL - 2022-04-13 11:30:05 --> preg_match(): Unknown modifier '-'
#0 [internal function]: CodeIgniter\Debug\Exceptions->errorHandler(2, 'preg_match(): U...', '/home/zstio/web...', 171, Array)
#1 /home/zstio/websites/gokarty/gokarty/vendor/codeigniter4/framework/system/Validation/FormatRules.php(171): preg_match('/^[A-Za-z /-Z\xC4\x84...', 'Limanowa@#@$@#%...')
#2 /home/zstio/websites/gokarty/gokarty/vendor/codeigniter4/framework/system/Validation/Validation.php(292): CodeIgniter\Validation\FormatRules->regex_match('Limanowa@#@$@#%...', '/^[A-Za-z /-Z\xC4\x84...', Array, NULL)
#3 /home/zstio/websites/gokarty/gokarty/vendor/codeigniter4/framework/system/Validation/Validation.php(157): CodeIgniter\Validation\Validation->processRules('city_name', 'nazwa_miasta', 'Limanowa@#@$@#%...', Array, Array)
#4 /home/zstio/websites/gokarty/gokarty/vendor/codeigniter4/framework/system/Controller.php(160): CodeIgniter\Validation\Validation->run()
#5 /home/zstio/websites/gokarty/gokarty/app/Controllers/ModificationController.php(305): CodeIgniter\Controller->validate(Array)
#6 /home/zstio/websites/gokarty/gokarty/vendor/codeigniter4/framework/system/CodeIgniter.php(832): App\Controllers\ModificationController->modifycity()
#7 /home/zstio/websites/gokarty/gokarty/vendor/codeigniter4/framework/system/CodeIgniter.php(419): CodeIgniter\CodeIgniter->runController(Object(App\Controllers\ModificationController))
#8 /home/zstio/websites/gokarty/gokarty/vendor/codeigniter4/framework/system/CodeIgniter.php(326): CodeIgniter\CodeIgniter->handleRequest(NULL, Object(Config\Cache), false)
#9 /home/zstio/websites/gokarty/index.php(37): CodeIgniter\CodeIgniter->run()
#10 {main}
CRITICAL - 2022-04-13 11:31:28 --> preg_match(): Unknown modifier '-'
#0 [internal function]: CodeIgniter\Debug\Exceptions->errorHandler(2, 'preg_match(): U...', '/home/zstio/web...', 171, Array)
#1 /home/zstio/websites/gokarty/gokarty/vendor/codeigniter4/framework/system/Validation/FormatRules.php(171): preg_match('/^[A-Za-z /-Z\xC4\x84...', 'Limanowa1')
#2 /home/zstio/websites/gokarty/gokarty/vendor/codeigniter4/framework/system/Validation/Validation.php(292): CodeIgniter\Validation\FormatRules->regex_match('Limanowa1', '/^[A-Za-z /-Z\xC4\x84...', Array, NULL)
#3 /home/zstio/websites/gokarty/gokarty/vendor/codeigniter4/framework/system/Validation/Validation.php(157): CodeIgniter\Validation\Validation->processRules('city_name', 'nazwa_miasta', 'Limanowa1', Array, Array)
#4 /home/zstio/websites/gokarty/gokarty/vendor/codeigniter4/framework/system/Controller.php(160): CodeIgniter\Validation\Validation->run()
#5 /home/zstio/websites/gokarty/gokarty/app/Controllers/ModificationController.php(305): CodeIgniter\Controller->validate(Array)
#6 /home/zstio/websites/gokarty/gokarty/vendor/codeigniter4/framework/system/CodeIgniter.php(832): App\Controllers\ModificationController->modifycity()
#7 /home/zstio/websites/gokarty/gokarty/vendor/codeigniter4/framework/system/CodeIgniter.php(419): CodeIgniter\CodeIgniter->runController(Object(App\Controllers\ModificationController))
#8 /home/zstio/websites/gokarty/gokarty/vendor/codeigniter4/framework/system/CodeIgniter.php(326): CodeIgniter\CodeIgniter->handleRequest(NULL, Object(Config\Cache), false)
#9 /home/zstio/websites/gokarty/index.php(37): CodeIgniter\CodeIgniter->run()
#10 {main}
CRITICAL - 2022-04-13 11:31:33 --> preg_match(): Unknown modifier '-'
#0 [internal function]: CodeIgniter\Debug\Exceptions->errorHandler(2, 'preg_match(): U...', '/home/zstio/web...', 171, Array)
#1 /home/zstio/websites/gokarty/gokarty/vendor/codeigniter4/framework/system/Validation/FormatRules.php(171): preg_match('/^[A-Za-z /-Z\xC4\x84...', 'Limanowaa')
#2 /home/zstio/websites/gokarty/gokarty/vendor/codeigniter4/framework/system/Validation/Validation.php(292): CodeIgniter\Validation\FormatRules->regex_match('Limanowaa', '/^[A-Za-z /-Z\xC4\x84...', Array, NULL)
#3 /home/zstio/websites/gokarty/gokarty/vendor/codeigniter4/framework/system/Validation/Validation.php(157): CodeIgniter\Validation\Validation->processRules('city_name', 'nazwa_miasta', 'Limanowaa', Array, Array)
#4 /home/zstio/websites/gokarty/gokarty/vendor/codeigniter4/framework/system/Controller.php(160): CodeIgniter\Validation\Validation->run()
#5 /home/zstio/websites/gokarty/gokarty/app/Controllers/ModificationController.php(305): CodeIgniter\Controller->validate(Array)
#6 /home/zstio/websites/gokarty/gokarty/vendor/codeigniter4/framework/system/CodeIgniter.php(832): App\Controllers\ModificationController->modifycity()
#7 /home/zstio/websites/gokarty/gokarty/vendor/codeigniter4/framework/system/CodeIgniter.php(419): CodeIgniter\CodeIgniter->runController(Object(App\Controllers\ModificationController))
#8 /home/zstio/websites/gokarty/gokarty/vendor/codeigniter4/framework/system/CodeIgniter.php(326): CodeIgniter\CodeIgniter->handleRequest(NULL, Object(Config\Cache), false)
#9 /home/zstio/websites/gokarty/index.php(37): CodeIgniter\CodeIgniter->run()
#10 {main}
CRITICAL - 2022-04-13 11:31:40 --> preg_match(): Unknown modifier '-'
#0 [internal function]: CodeIgniter\Debug\Exceptions->errorHandler(2, 'preg_match(): U...', '/home/zstio/web...', 171, Array)
#1 /home/zstio/websites/gokarty/gokarty/vendor/codeigniter4/framework/system/Validation/FormatRules.php(171): preg_match('/^[A-Za-z /-Z\xC4\x84...', 'Limanowa')
#2 /home/zstio/websites/gokarty/gokarty/vendor/codeigniter4/framework/system/Validation/Validation.php(292): CodeIgniter\Validation\FormatRules->regex_match('Limanowa', '/^[A-Za-z /-Z\xC4\x84...', Array, NULL)
#3 /home/zstio/websites/gokarty/gokarty/vendor/codeigniter4/framework/system/Validation/Validation.php(157): CodeIgniter\Validation\Validation->processRules('city_name', 'nazwa_miasta', 'Limanowa', Array, Array)
#4 /home/zstio/websites/gokarty/gokarty/vendor/codeigniter4/framework/system/Controller.php(160): CodeIgniter\Validation\Validation->run()
#5 /home/zstio/websites/gokarty/gokarty/app/Controllers/ModificationController.php(305): CodeIgniter\Controller->validate(Array)
#6 /home/zstio/websites/gokarty/gokarty/vendor/codeigniter4/framework/system/CodeIgniter.php(832): App\Controllers\ModificationController->modifycity()
#7 /home/zstio/websites/gokarty/gokarty/vendor/codeigniter4/framework/system/CodeIgniter.php(419): CodeIgniter\CodeIgniter->runController(Object(App\Controllers\ModificationController))
#8 /home/zstio/websites/gokarty/gokarty/vendor/codeigniter4/framework/system/CodeIgniter.php(326): CodeIgniter\CodeIgniter->handleRequest(NULL, Object(Config\Cache), false)
#9 /home/zstio/websites/gokarty/index.php(37): CodeIgniter\CodeIgniter->run()
#10 {main}
CRITICAL - 2022-04-13 11:31:49 --> preg_match(): Unknown modifier '-'
#0 [internal function]: CodeIgniter\Debug\Exceptions->errorHandler(2, 'preg_match(): U...', '/home/zstio/web...', 171, Array)
#1 /home/zstio/websites/gokarty/gokarty/vendor/codeigniter4/framework/system/Validation/FormatRules.php(171): preg_match('/^[A-Za-z /-Z\xC4\x84...', 'Limanowa')
#2 /home/zstio/websites/gokarty/gokarty/vendor/codeigniter4/framework/system/Validation/Validation.php(292): CodeIgniter\Validation\FormatRules->regex_match('Limanowa', '/^[A-Za-z /-Z\xC4\x84...', Array, NULL)
#3 /home/zstio/websites/gokarty/gokarty/vendor/codeigniter4/framework/system/Validation/Validation.php(157): CodeIgniter\Validation\Validation->processRules('city_name', 'nazwa_miasta', 'Limanowa', Array, Array)
#4 /home/zstio/websites/gokarty/gokarty/vendor/codeigniter4/framework/system/Controller.php(160): CodeIgniter\Validation\Validation->run()
#5 /home/zstio/websites/gokarty/gokarty/app/Controllers/ModificationController.php(305): CodeIgniter\Controller->validate(Array)
#6 /home/zstio/websites/gokarty/gokarty/vendor/codeigniter4/framework/system/CodeIgniter.php(832): App\Controllers\ModificationController->modifycity()
#7 /home/zstio/websites/gokarty/gokarty/vendor/codeigniter4/framework/system/CodeIgniter.php(419): CodeIgniter\CodeIgniter->runController(Object(App\Controllers\ModificationController))
#8 /home/zstio/websites/gokarty/gokarty/vendor/codeigniter4/framework/system/CodeIgniter.php(326): CodeIgniter\CodeIgniter->handleRequest(NULL, Object(Config\Cache), false)
#9 /home/zstio/websites/gokarty/index.php(37): CodeIgniter\CodeIgniter->run()
#10 {main}
CRITICAL - 2022-04-13 11:33:43 --> preg_match(): Unknown modifier '-'
#0 [internal function]: CodeIgniter\Debug\Exceptions->errorHandler(2, 'preg_match(): U...', '/home/zstio/web...', 171, Array)
#1 /home/zstio/websites/gokarty/gokarty/vendor/codeigniter4/framework/system/Validation/FormatRules.php(171): preg_match('/^[A-Za-z /-Z\xC4\x84...', '@')
#2 /home/zstio/websites/gokarty/gokarty/vendor/codeigniter4/framework/system/Validation/Validation.php(292): CodeIgniter\Validation\FormatRules->regex_match('@', '/^[A-Za-z /-Z\xC4\x84...', Array, NULL)
#3 /home/zstio/websites/gokarty/gokarty/vendor/codeigniter4/framework/system/Validation/Validation.php(157): CodeIgniter\Validation\Validation->processRules('town_name', 'nazwa miasta', '@', Array, Array)
#4 /home/zstio/websites/gokarty/gokarty/vendor/codeigniter4/framework/system/Controller.php(160): CodeIgniter\Validation\Validation->run()
#5 /home/zstio/websites/gokarty/gokarty/app/Controllers/AppendController.php(68): CodeIgniter\Controller->validate(Array)
#6 /home/zstio/websites/gokarty/gokarty/vendor/codeigniter4/framework/system/CodeIgniter.php(832): App\Controllers\AppendController->addTown()
#7 /home/zstio/websites/gokarty/gokarty/vendor/codeigniter4/framework/system/CodeIgniter.php(419): CodeIgniter\CodeIgniter->runController(Object(App\Controllers\AppendController))
#8 /home/zstio/websites/gokarty/gokarty/vendor/codeigniter4/framework/system/CodeIgniter.php(326): CodeIgniter\CodeIgniter->handleRequest(NULL, Object(Config\Cache), false)
#9 /home/zstio/websites/gokarty/index.php(37): CodeIgniter\CodeIgniter->run()
#10 {main}
CRITICAL - 2022-04-13 11:34:17 --> preg_match(): Unknown modifier '-'
#0 [internal function]: CodeIgniter\Debug\Exceptions->errorHandler(2, 'preg_match(): U...', '/home/zstio/web...', 171, Array)
#1 /home/zstio/websites/gokarty/gokarty/vendor/codeigniter4/framework/system/Validation/FormatRules.php(171): preg_match('/^[A-Za-z /-Z\xC4\x84...', 'a')
#2 /home/zstio/websites/gokarty/gokarty/vendor/codeigniter4/framework/system/Validation/Validation.php(292): CodeIgniter\Validation\FormatRules->regex_match('a', '/^[A-Za-z /-Z\xC4\x84...', Array, NULL)
#3 /home/zstio/websites/gokarty/gokarty/vendor/codeigniter4/framework/system/Validation/Validation.php(157): CodeIgniter\Validation\Validation->processRules('town_name', 'nazwa miasta', 'a', Array, Array)
#4 /home/zstio/websites/gokarty/gokarty/vendor/codeigniter4/framework/system/Controller.php(160): CodeIgniter\Validation\Validation->run()
#5 /home/zstio/websites/gokarty/gokarty/app/Controllers/AppendController.php(68): CodeIgniter\Controller->validate(Array)
#6 /home/zstio/websites/gokarty/gokarty/vendor/codeigniter4/framework/system/CodeIgniter.php(832): App\Controllers\AppendController->addTown()
#7 /home/zstio/websites/gokarty/gokarty/vendor/codeigniter4/framework/system/CodeIgniter.php(419): CodeIgniter\CodeIgniter->runController(Object(App\Controllers\AppendController))
#8 /home/zstio/websites/gokarty/gokarty/vendor/codeigniter4/framework/system/CodeIgniter.php(326): CodeIgniter\CodeIgniter->handleRequest(NULL, Object(Config\Cache), false)
#9 /home/zstio/websites/gokarty/index.php(37): CodeIgniter\CodeIgniter->run()
#10 {main}
CRITICAL - 2022-04-13 11:35:59 --> preg_match(): Compilation failed: quantifier does not follow a repeatable item at offset 102
#0 [internal function]: CodeIgniter\Debug\Exceptions->errorHandler(2, 'preg_match(): C...', '/home/zstio/web...', 171, Array)
#1 /home/zstio/websites/gokarty/gokarty/vendor/codeigniter4/framework/system/Validation/FormatRules.php(171): preg_match('/^[a-zA-Z\xC4\x84\xC4\x86\xC4\x98...', 'Patryk@')
#2 /home/zstio/websites/gokarty/gokarty/vendor/codeigniter4/framework/system/Validation/Validation.php(292): CodeIgniter\Validation\FormatRules->regex_match('Patryk@', '/^[a-zA-Z\xC4\x84\xC4\x86\xC4\x98...', Array, NULL)
#3 /home/zstio/websites/gokarty/gokarty/vendor/codeigniter4/framework/system/Validation/Validation.php(157): CodeIgniter\Validation\Validation->processRules('competitor_name', 'Imie', 'Patryk@', Array, Array)
#4 /home/zstio/websites/gokarty/gokarty/vendor/codeigniter4/framework/system/Controller.php(160): CodeIgniter\Validation\Validation->run()
#5 /home/zstio/websites/gokarty/gokarty/app/Controllers/ModificationController.php(110): CodeIgniter\Controller->validate(Array)
#6 /home/zstio/websites/gokarty/gokarty/vendor/codeigniter4/framework/system/CodeIgniter.php(832): App\Controllers\ModificationController->modifycompetitor()
#7 /home/zstio/websites/gokarty/gokarty/vendor/codeigniter4/framework/system/CodeIgniter.php(419): CodeIgniter\CodeIgniter->runController(Object(App\Controllers\ModificationController))
#8 /home/zstio/websites/gokarty/gokarty/vendor/codeigniter4/framework/system/CodeIgniter.php(326): CodeIgniter\CodeIgniter->handleRequest(NULL, Object(Config\Cache), false)
#9 /home/zstio/websites/gokarty/index.php(37): CodeIgniter\CodeIgniter->run()
#10 {main}
CRITICAL - 2022-04-13 11:36:05 --> preg_match(): Compilation failed: quantifier does not follow a repeatable item at offset 102
#0 [internal function]: CodeIgniter\Debug\Exceptions->errorHandler(2, 'preg_match(): C...', '/home/zstio/web...', 171, Array)
#1 /home/zstio/websites/gokarty/gokarty/vendor/codeigniter4/framework/system/Validation/FormatRules.php(171): preg_match('/^[a-zA-Z\xC4\x84\xC4\x86\xC4\x98...', 'Patryk@')
#2 /home/zstio/websites/gokarty/gokarty/vendor/codeigniter4/framework/system/Validation/Validation.php(292): CodeIgniter\Validation\FormatRules->regex_match('Patryk@', '/^[a-zA-Z\xC4\x84\xC4\x86\xC4\x98...', Array, NULL)
#3 /home/zstio/websites/gokarty/gokarty/vendor/codeigniter4/framework/system/Validation/Validation.php(157): CodeIgniter\Validation\Validation->processRules('competitor_name', 'Imie', 'Patryk@', Array, Array)
#4 /home/zstio/websites/gokarty/gokarty/vendor/codeigniter4/framework/system/Controller.php(160): CodeIgniter\Validation\Validation->run()
#5 /home/zstio/websites/gokarty/gokarty/app/Controllers/ModificationController.php(110): CodeIgniter\Controller->validate(Array)
#6 /home/zstio/websites/gokarty/gokarty/vendor/codeigniter4/framework/system/CodeIgniter.php(832): App\Controllers\ModificationController->modifycompetitor()
#7 /home/zstio/websites/gokarty/gokarty/vendor/codeigniter4/framework/system/CodeIgniter.php(419): CodeIgniter\CodeIgniter->runController(Object(App\Controllers\ModificationController))
#8 /home/zstio/websites/gokarty/gokarty/vendor/codeigniter4/framework/system/CodeIgniter.php(326): CodeIgniter\CodeIgniter->handleRequest(NULL, Object(Config\Cache), false)
#9 /home/zstio/websites/gokarty/index.php(37): CodeIgniter\CodeIgniter->run()
#10 {main}
CRITICAL - 2022-04-13 11:36:10 --> preg_match(): Compilation failed: quantifier does not follow a repeatable item at offset 102
#0 [internal function]: CodeIgniter\Debug\Exceptions->errorHandler(2, 'preg_match(): C...', '/home/zstio/web...', 171, Array)
#1 /home/zstio/websites/gokarty/gokarty/vendor/codeigniter4/framework/system/Validation/FormatRules.php(171): preg_match('/^[a-zA-Z\xC4\x84\xC4\x86\xC4\x98...', 'Patryk')
#2 /home/zstio/websites/gokarty/gokarty/vendor/codeigniter4/framework/system/Validation/Validation.php(292): CodeIgniter\Validation\FormatRules->regex_match('Patryk', '/^[a-zA-Z\xC4\x84\xC4\x86\xC4\x98...', Array, NULL)
#3 /home/zstio/websites/gokarty/gokarty/vendor/codeigniter4/framework/system/Validation/Validation.php(157): CodeIgniter\Validation\Validation->processRules('competitor_name', 'Imie', 'Patryk', Array, Array)
#4 /home/zstio/websites/gokarty/gokarty/vendor/codeigniter4/framework/system/Controller.php(160): CodeIgniter\Validation\Validation->run()
#5 /home/zstio/websites/gokarty/gokarty/app/Controllers/ModificationController.php(110): CodeIgniter\Controller->validate(Array)
#6 /home/zstio/websites/gokarty/gokarty/vendor/codeigniter4/framework/system/CodeIgniter.php(832): App\Controllers\ModificationController->modifycompetitor()
#7 /home/zstio/websites/gokarty/gokarty/vendor/codeigniter4/framework/system/CodeIgniter.php(419): CodeIgniter\CodeIgniter->runController(Object(App\Controllers\ModificationController))
#8 /home/zstio/websites/gokarty/gokarty/vendor/codeigniter4/framework/system/CodeIgniter.php(326): CodeIgniter\CodeIgniter->handleRequest(NULL, Object(Config\Cache), false)
#9 /home/zstio/websites/gokarty/index.php(37): CodeIgniter\CodeIgniter->run()
#10 {main}
CRITICAL - 2022-04-13 11:51:56 --> preg_match(): Unknown modifier '-'
#0 [internal function]: CodeIgniter\Debug\Exceptions->errorHandler(2, 'preg_match(): U...', '/home/zstio/web...', 171, Array)
#1 /home/zstio/websites/gokarty/gokarty/vendor/codeigniter4/framework/system/Validation/FormatRules.php(171): preg_match('/^[A-Za-z /-Z\xC4\x84...', 'Limanowa$')
#2 /home/zstio/websites/gokarty/gokarty/vendor/codeigniter4/framework/system/Validation/Validation.php(292): CodeIgniter\Validation\FormatRules->regex_match('Limanowa$', '/^[A-Za-z /-Z\xC4\x84...', Array, NULL)
#3 /home/zstio/websites/gokarty/gokarty/vendor/codeigniter4/framework/system/Validation/Validation.php(157): CodeIgniter\Validation\Validation->processRules('city_name', 'nazwa_miasta', 'Limanowa$', Array, Array)
#4 /home/zstio/websites/gokarty/gokarty/vendor/codeigniter4/framework/system/Controller.php(160): CodeIgniter\Validation\Validation->run()
#5 /home/zstio/websites/gokarty/gokarty/app/Controllers/ModificationController.php(305): CodeIgniter\Controller->validate(Array)
#6 /home/zstio/websites/gokarty/gokarty/vendor/codeigniter4/framework/system/CodeIgniter.php(832): App\Controllers\ModificationController->modifycity()
#7 /home/zstio/websites/gokarty/gokarty/vendor/codeigniter4/framework/system/CodeIgniter.php(419): CodeIgniter\CodeIgniter->runController(Object(App\Controllers\ModificationController))
#8 /home/zstio/websites/gokarty/gokarty/vendor/codeigniter4/framework/system/CodeIgniter.php(326): CodeIgniter\CodeIgniter->handleRequest(NULL, Object(Config\Cache), false)
#9 /home/zstio/websites/gokarty/index.php(37): CodeIgniter\CodeIgniter->run()
#10 {main}
CRITICAL - 2022-04-13 11:51:57 --> preg_match(): Unknown modifier '-'
#0 [internal function]: CodeIgniter\Debug\Exceptions->errorHandler(2, 'preg_match(): U...', '/home/zstio/web...', 171, Array)
#1 /home/zstio/websites/gokarty/gokarty/vendor/codeigniter4/framework/system/Validation/FormatRules.php(171): preg_match('/^[A-Za-z /-Z\xC4\x84...', 'Limanowaa')
#2 /home/zstio/websites/gokarty/gokarty/vendor/codeigniter4/framework/system/Validation/Validation.php(292): CodeIgniter\Validation\FormatRules->regex_match('Limanowaa', '/^[A-Za-z /-Z\xC4\x84...', Array, NULL)
#3 /home/zstio/websites/gokarty/gokarty/vendor/codeigniter4/framework/system/Validation/Validation.php(157): CodeIgniter\Validation\Validation->processRules('city_name', 'nazwa_miasta', 'Limanowaa', Array, Array)
#4 /home/zstio/websites/gokarty/gokarty/vendor/codeigniter4/framework/system/Controller.php(160): CodeIgniter\Validation\Validation->run()
#5 /home/zstio/websites/gokarty/gokarty/app/Controllers/ModificationController.php(305): CodeIgniter\Controller->validate(Array)
#6 /home/zstio/websites/gokarty/gokarty/vendor/codeigniter4/framework/system/CodeIgniter.php(832): App\Controllers\ModificationController->modifycity()
#7 /home/zstio/websites/gokarty/gokarty/vendor/codeigniter4/framework/system/CodeIgniter.php(419): CodeIgniter\CodeIgniter->runController(Object(App\Controllers\ModificationController))
#8 /home/zstio/websites/gokarty/gokarty/vendor/codeigniter4/framework/system/CodeIgniter.php(326): CodeIgniter\CodeIgniter->handleRequest(NULL, Object(Config\Cache), false)
#9 /home/zstio/websites/gokarty/index.php(37): CodeIgniter\CodeIgniter->run()
#10 {main}
CRITICAL - 2022-04-13 11:52:01 --> preg_match(): Unknown modifier '-'
#0 [internal function]: CodeIgniter\Debug\Exceptions->errorHandler(2, 'preg_match(): U...', '/home/zstio/web...', 171, Array)
#1 /home/zstio/websites/gokarty/gokarty/vendor/codeigniter4/framework/system/Validation/FormatRules.php(171): preg_match('/^[A-Za-z /-Z\xC4\x84...', 'Limanowa$')
#2 /home/zstio/websites/gokarty/gokarty/vendor/codeigniter4/framework/system/Validation/Validation.php(292): CodeIgniter\Validation\FormatRules->regex_match('Limanowa$', '/^[A-Za-z /-Z\xC4\x84...', Array, NULL)
#3 /home/zstio/websites/gokarty/gokarty/vendor/codeigniter4/framework/system/Validation/Validation.php(157): CodeIgniter\Validation\Validation->processRules('city_name', 'nazwa_miasta', 'Limanowa$', Array, Array)
#4 /home/zstio/websites/gokarty/gokarty/vendor/codeigniter4/framework/system/Controller.php(160): CodeIgniter\Validation\Validation->run()
#5 /home/zstio/websites/gokarty/gokarty/app/Controllers/ModificationController.php(305): CodeIgniter\Controller->validate(Array)
#6 /home/zstio/websites/gokarty/gokarty/vendor/codeigniter4/framework/system/CodeIgniter.php(832): App\Controllers\ModificationController->modifycity()
#7 /home/zstio/websites/gokarty/gokarty/vendor/codeigniter4/framework/system/CodeIgniter.php(419): CodeIgniter\CodeIgniter->runController(Object(App\Controllers\ModificationController))
#8 /home/zstio/websites/gokarty/gokarty/vendor/codeigniter4/framework/system/CodeIgniter.php(326): CodeIgniter\CodeIgniter->handleRequest(NULL, Object(Config\Cache), false)
#9 /home/zstio/websites/gokarty/index.php(37): CodeIgniter\CodeIgniter->run()
#10 {main}
CRITICAL - 2022-04-13 12:08:49 --> preg_match(): Unknown modifier '-'
#0 [internal function]: CodeIgniter\Debug\Exceptions->errorHandler(2, 'preg_match(): U...', '/home/zstio/web...', 171, Array)
#1 /home/zstio/websites/gokarty/gokarty/vendor/codeigniter4/framework/system/Validation/FormatRules.php(171): preg_match('/^[A-Za-z /-Z\xC4\x84...', 'Limanowaa')
#2 /home/zstio/websites/gokarty/gokarty/vendor/codeigniter4/framework/system/Validation/Validation.php(292): CodeIgniter\Validation\FormatRules->regex_match('Limanowaa', '/^[A-Za-z /-Z\xC4\x84...', Array, NULL)
#3 /home/zstio/websites/gokarty/gokarty/vendor/codeigniter4/framework/system/Validation/Validation.php(157): CodeIgniter\Validation\Validation->processRules('city_name', 'nazwa_miasta', 'Limanowaa', Array, Array)
#4 /home/zstio/websites/gokarty/gokarty/vendor/codeigniter4/framework/system/Controller.php(160): CodeIgniter\Validation\Validation->run()
#5 /home/zstio/websites/gokarty/gokarty/app/Controllers/ModificationController.php(305): CodeIgniter\Controller->validate(Array)
#6 /home/zstio/websites/gokarty/gokarty/vendor/codeigniter4/framework/system/CodeIgniter.php(832): App\Controllers\ModificationController->modifycity()
#7 /home/zstio/websites/gokarty/gokarty/vendor/codeigniter4/framework/system/CodeIgniter.php(419): CodeIgniter\CodeIgniter->runController(Object(App\Controllers\ModificationController))
#8 /home/zstio/websites/gokarty/gokarty/vendor/codeigniter4/framework/system/CodeIgniter.php(326): CodeIgniter\CodeIgniter->handleRequest(NULL, Object(Config\Cache), false)
#9 /home/zstio/websites/gokarty/index.php(37): CodeIgniter\CodeIgniter->run()
#10 {main}
