CRITICAL - 2022-03-24 10:50:41 --> Undefined property: stdClass::$status
#0 E:\Xampp\htdocs\gokarty\app\Views\competition.php(29): CodeIgniter\Debug\Exceptions->errorHandler(2, 'Undefined prope...', 'E:\\Xampp\\htdocs...', 29)
#1 E:\Xampp\htdocs\gokarty\vendor\codeigniter4\framework\system\View\View.php(210): include('E:\\Xampp\\htdocs...')
#2 E:\Xampp\htdocs\gokarty\vendor\codeigniter4\framework\system\View\View.php(213): CodeIgniter\View\View->CodeIgniter\View\{closure}()
#3 E:\Xampp\htdocs\gokarty\vendor\codeigniter4\framework\system\Common.php(1089): CodeIgniter\View\View->render('competition', Array, true)
#4 E:\Xampp\htdocs\gokarty\app\Controllers\CompetitionController.php(42): view('competition', Array)
#5 E:\Xampp\htdocs\gokarty\vendor\codeigniter4\framework\system\CodeIgniter.php(832): App\Controllers\CompetitionController->index()
#6 E:\Xampp\htdocs\gokarty\vendor\codeigniter4\framework\system\CodeIgniter.php(419): CodeIgniter\CodeIgniter->runController(Object(App\Controllers\CompetitionController))
#7 E:\Xampp\htdocs\gokarty\vendor\codeigniter4\framework\system\CodeIgniter.php(326): CodeIgniter\CodeIgniter->handleRequest(NULL, Object(Config\Cache), false)
#8 E:\Xampp\htdocs\gokarty\public\index.php(37): CodeIgniter\CodeIgniter->run()
#9 {main}
CRITICAL - 2022-03-24 11:17:24 --> Undefined property: stdClass::$gokart_id
#0 E:\Xampp\htdocs\gokarty\app\Views\competitorform.php(35): CodeIgniter\Debug\Exceptions->errorHandler(2, 'Undefined prope...', 'E:\\Xampp\\htdocs...', 35)
#1 E:\Xampp\htdocs\gokarty\vendor\codeigniter4\framework\system\View\View.php(210): include('E:\\Xampp\\htdocs...')
#2 E:\Xampp\htdocs\gokarty\vendor\codeigniter4\framework\system\View\View.php(213): CodeIgniter\View\View->CodeIgniter\View\{closure}()
#3 E:\Xampp\htdocs\gokarty\vendor\codeigniter4\framework\system\Common.php(1089): CodeIgniter\View\View->render('competitorform', Array, true)
#4 E:\Xampp\htdocs\gokarty\app\Controllers\FormController.php(26): view('competitorform', Array)
#5 E:\Xampp\htdocs\gokarty\vendor\codeigniter4\framework\system\CodeIgniter.php(832): App\Controllers\FormController->index()
#6 E:\Xampp\htdocs\gokarty\vendor\codeigniter4\framework\system\CodeIgniter.php(419): CodeIgniter\CodeIgniter->runController(Object(App\Controllers\FormController))
#7 E:\Xampp\htdocs\gokarty\vendor\codeigniter4\framework\system\CodeIgniter.php(326): CodeIgniter\CodeIgniter->handleRequest(NULL, Object(Config\Cache), false)
#8 E:\Xampp\htdocs\gokarty\public\index.php(37): CodeIgniter\CodeIgniter->run()
#9 {main}
CRITICAL - 2022-03-24 16:25:42 --> Undefined variable $formularz
#0 E:\Xampp\htdocs\gokarty\app\Views\forms\modificationForms.php(3): CodeIgniter\Debug\Exceptions->errorHandler(2, 'Undefined varia...', 'E:\\Xampp\\htdocs...', 3)
#1 E:\Xampp\htdocs\gokarty\vendor\codeigniter4\framework\system\View\View.php(210): include('E:\\Xampp\\htdocs...')
#2 E:\Xampp\htdocs\gokarty\vendor\codeigniter4\framework\system\View\View.php(213): CodeIgniter\View\View->CodeIgniter\View\{closure}()
#3 E:\Xampp\htdocs\gokarty\vendor\codeigniter4\framework\system\Common.php(1089): CodeIgniter\View\View->render('forms/modificat...', Array, true)
#4 E:\Xampp\htdocs\gokarty\app\Views\modification.php(54): view('forms/modificat...', Array)
#5 E:\Xampp\htdocs\gokarty\vendor\codeigniter4\framework\system\View\View.php(210): include('E:\\Xampp\\htdocs...')
#6 E:\Xampp\htdocs\gokarty\vendor\codeigniter4\framework\system\View\View.php(213): CodeIgniter\View\View->CodeIgniter\View\{closure}()
#7 E:\Xampp\htdocs\gokarty\vendor\codeigniter4\framework\system\Common.php(1089): CodeIgniter\View\View->render('modification', Array, true)
#8 E:\Xampp\htdocs\gokarty\app\Controllers\ModificationController.php(75): view('modification', Array)
#9 E:\Xampp\htdocs\gokarty\vendor\codeigniter4\framework\system\CodeIgniter.php(832): App\Controllers\ModificationController->index()
#10 E:\Xampp\htdocs\gokarty\vendor\codeigniter4\framework\system\CodeIgniter.php(419): CodeIgniter\CodeIgniter->runController(Object(App\Controllers\ModificationController))
#11 E:\Xampp\htdocs\gokarty\vendor\codeigniter4\framework\system\CodeIgniter.php(326): CodeIgniter\CodeIgniter->handleRequest(NULL, Object(Config\Cache), false)
#12 E:\Xampp\htdocs\gokarty\public\index.php(37): CodeIgniter\CodeIgniter->run()
#13 {main}
